do run
loading script "jan_unknown120_60.py"
loading script "jan_pump_ms.py"
loading script "jan_co2.py"
loading script "jan_pump_extraction_line.py"
testing...
no interpolation path defined
executed snippet estimated_duration=213.652928, duration=0.000196933746338
script duration name:unknown120_60 seconds:214.0
loading script "jan_unknown120_60.py"
loading script "jan_pump_ms.py"
loading script "jan_co2.py"
loading script "jan_pump_extraction_line.py"
testing...
no interpolation path defined
executed snippet estimated_duration=0, duration=1.8835067749e-05
loading script "jan_unknown120_60.py"
loading script "jan_pump_ms.py"
loading script "jan_co2.py"
loading script "jan_pump_extraction_line.py"
testing...
no interpolation path defined
calculate duration
testing...
no interpolation path defined
executed snippet estimated_duration=0, duration=4.29153442383e-05
calculate duration
testing...
no interpolation path defined
executed snippet estimated_duration=0, duration=8.51154327393e-05
executed snippet estimated_duration=0.0, duration=0.0021538734436
script duration name:co2 seconds:0.0
loading script "jan_unknown120_60.py"
loading script "jan_pump_ms.py"
loading script "jan_co2.py"
loading script "jan_pump_extraction_line.py"
testing...
no interpolation path defined
calculate duration
testing...
no interpolation path defined
executed snippet estimated_duration=4.0, duration=0.000133991241455
executed snippet estimated_duration=4.0, duration=0.00126600265503
Script duration 214.0
Run total estimated duration= 215.000
run duration: 0:03:35
doing event level: 2
19:12:38 -- Setting default integration. t=1.048576
setting integration time = 1.048576
SetIntegrationTime 1.048576 ===>> OK
----------------- start -----------------
**************** Experiment Type: Ar/Ar, Ar/Ar
create new session 4942566512
close session 4942566512
$$$$$ Clearing conditionals
adding conditionals 
Add queue conditionals
add default conditionals
adding default conditionals from /Users/jan/PychronDev/setupfiles/spectrometer/default_conditionals.yaml
Start automated run 65617-03
loading script "jan_unknown120_60.py"
loading script "jan_pump_ms.py"
loading script "jan_co2.py"
loading script "jan_pump_extraction_line.py"
%%%%%%%%%%%%%%%%%% setting automated run 65617-03
No value "sensitivity_multiplier" in metadata
$$$$$$$$$$$$$$$ auto_save_detector_ic=False
============================= Pre Extraction Check =============================
loading queue conditionals pre_run_terminations
loading system conditionals pre_run_terminations
loading conditionals from /Users/jan/PychronDev/setupfiles/spectrometer/default_conditionals.yaml
19:12:38 -- ******* Pre Extraction Check *******
Get a measurement from the spectrometer
Pre Extraction Termination data. keys=H2,H1,AX,L1,L2,CDD, signals=-0.28457,0.10238,-0.03443,-0.05063,0.05298,0.00301
19:12:38 -- testing system defined conditionals
Checking default pre extraction terminations n=2
testing CDD
evaluate ot="CDD.inactive" t="CDD", ctx="{'CDD': False}"
GetDeflection CDD ===>> 50
testing CDD==2000
evaluate ot="CDD.deflection==2000" t="CDD==2000", ctx="{'CDD': 50.0}"
19:12:38 -- ******* Pre Extraction Check Passed *******
=================================================================================
19:12:38 -- stopping status monitor
stop 4938940240
Status monitor stopped
Status monitor finished
19:12:40 -- starting status monitor
start 4938940240
StatusMonitor period=1. Frequencies(state=2, checksum=3, lock=5, owner=5)
start extraction
do extraction
Analysis started at 19:12:42.006852
Extraction Started jan_co2.py
19:12:42 -- ******* Extraction Started jan_co2.py *******
state changed from not run to extraction
DO EXTRACTION <pychron.extraction_line.pyscript_runner.RemotePyScriptRunner object at 0x129529590>
testing...
no interpolation path defined
calculate duration
testing...
no interpolation path defined
executed snippet estimated_duration=0, duration=7.70092010498e-05
calculate duration
testing...
no interpolation path defined
executed snippet estimated_duration=0, duration=9.01222229004e-05
executed snippet estimated_duration=100.0, duration=0.00266194343567
Jan CO2 laser analysis
doing GOSUB
testing...
no interpolation path defined
executed snippet estimated_duration=0, duration=4.19616699219e-05
Waiting for CO2 access
wait ('FelixCO2Flag', 0) {}
waiting for FelixCO2Flag = 0
Read FelixCO2Flag ===>> 0
finished waiting
CO2 free
wait ('CO2PumpTimeFlag', 0) {}
waiting for CO2PumpTimeFlag = 0
Read CO2PumpTimeFlag ===>> 0
finished waiting
acquire ('JanCO2Flag',) {'clear': True}
acquire JanCO2Flag
Set JanCO2Flag 1 ===>> OK
JanCO2Flag acquired
set extraction state False (0.75, 'red', 1.5)
CO2 acquired
executed snippet estimated_duration=0, duration=0.0180461406708
WaitForCO2Access.py completed successfully
gosub finished
doing GOSUB
testing...
no interpolation path defined
executed snippet estimated_duration=0, duration=9.70363616943e-05
Prepare for CO2 analysis
close () {'description': 'Jan Inlet'}
close name=--- desc=Jan Inlet
checking ownership. requestor=129.138.12.150
check software interlocks R
interlocks []
actuate state mode=None-script, software_lock=False
doing actuation None-script close_channel False
Close R ===>> OK
GetIndicatorState R ===>> False
change switch state (True, True)
update switch state R False args=() kw={} ncanvase=3
19:12:42 -- CLOSE  VALVE-R (Jan Inlet)
-------------------------- close None (Jan Inlet) result=[(True, True)]
action=close, ok=True, locked=[False]
open () {'description': 'Jan Ion Pump'}
open name=--- desc=Jan Ion Pump
checking ownership. requestor=129.138.12.150
check software interlocks O
interlocks []
actuate state mode=None-script, software_lock=False
doing actuation None-script open_channel False
Open O ===>> OK
GetIndicatorState O ===>> OK
change switch state (True, True)
update switch state O True args=() kw={} ncanvase=3
19:12:42 -- OPEN   VALVE-O (Jan Ion Pump)
-------------------------- open None (Jan Ion Pump) result=[(True, True)]
action=open, ok=True, locked=[False]
close () {'description': 'Microbone to Minibone'}
close name=--- desc=Microbone to Minibone
checking ownership. requestor=129.138.12.150
check software interlocks L
interlocks []
actuate state mode=None-script, software_lock=False
doing actuation None-script close_channel False
Close L ===>> OK
GetIndicatorState L ===>> False
change switch state (True, True)
update switch state L False args=() kw={} ncanvase=3
19:12:43 -- CLOSE  VALVE-L (Microbone to Minibone)
-------------------------- close None (Microbone to Minibone) result=[(True, True)]
action=close, ok=True, locked=[False]
open () {'description': 'Microbone to Turbo'}
open name=--- desc=Microbone to Turbo
checking ownership. requestor=129.138.12.150
check software interlocks U
interlocks []
actuate state mode=None-script, software_lock=False
doing actuation None-script open_channel False
Open U ===>> OK
GetIndicatorState U ===>> OK
change switch state (True, True)
update switch state U True args=() kw={} ncanvase=3
19:12:43 -- OPEN   VALVE-U (Microbone to Turbo)
-------------------------- open None (Microbone to Turbo) result=[(True, True)]
action=open, ok=True, locked=[False]
open () {'description': 'Microbone to Inlet Pipette'}
open name=--- desc=Microbone to Inlet Pipette
checking ownership. requestor=129.138.12.150
check software interlocks S
interlocks []
actuate state mode=None-script, software_lock=False
doing actuation None-script open_channel False
Open S ===>> OK
GetIndicatorState S ===>> OK
change switch state (True, True)
update switch state S True args=() kw={} ncanvase=3
19:12:44 -- OPEN   VALVE-S (Microbone to Inlet Pipette)
-------------------------- open None (Microbone to Inlet Pipette) result=[(True, True)]
action=open, ok=True, locked=[False]
open () {'description': 'Microbone to Getter D-50'}
open name=--- desc=Microbone to Getter D-50
checking ownership. requestor=129.138.12.150
check software interlocks K
interlocks []
actuate state mode=None-script, software_lock=False
doing actuation None-script open_channel False
Open K ===>> OK
GetIndicatorState K ===>> OK
change switch state (True, True)
update switch state K True args=() kw={} ncanvase=3
19:12:45 -- OPEN   VALVE-K (Microbone to Getter D-50)
-------------------------- open None (Microbone to Getter D-50) result=[(True, True)]
action=open, ok=True, locked=[False]
open () {'description': 'Microbone to Getter NP-10'}
open name=--- desc=Microbone to Getter NP-10
checking ownership. requestor=129.138.12.150
check software interlocks M
interlocks []
actuate state mode=None-script, software_lock=False
doing actuation None-script open_channel False
Open M ===>> OK
GetIndicatorState M ===>> OK
change switch state (True, True)
update switch state M True args=() kw={} ncanvase=3
19:12:45 -- OPEN   VALVE-M (Microbone to Getter NP-10)
-------------------------- open None (Microbone to Getter NP-10) result=[(True, True)]
action=open, ok=True, locked=[False]
close () {'description': 'CO2 Laser to Felix'}
close name=--- desc=CO2 Laser to Felix
checking ownership. requestor=129.138.12.150
check software interlocks F
interlocks []
actuate state mode=None-script, software_lock=True
VALVE-F(CO2 Laser to Felix) software locked
change switch state (True, False)
-------------------------- close None (CO2 Laser to Felix) result=[(True, False)]
action=close, ok=True, locked=[True]
open () {'description': 'CO2 Laser to Jan'}
open name=--- desc=CO2 Laser to Jan
checking ownership. requestor=129.138.12.150
check software interlocks A
interlocks []
actuate state mode=None-script, software_lock=False
doing actuation None-script open_channel False
Open A ===>> OK
GetIndicatorState A ===>> OK
change switch state (True, True)
update switch state A True args=() kw={} ncanvase=3
19:12:46 -- OPEN   VALVE-A (CO2 Laser to Jan)
-------------------------- open None (CO2 Laser to Jan) result=[(True, True)]
action=open, ok=True, locked=[False]
open () {'description': 'Microbone to CO2 Laser'}
open name=--- desc=Microbone to CO2 Laser
checking ownership. requestor=129.138.12.150
check software interlocks T
interlocks []
actuate state mode=None-script, software_lock=False
doing actuation None-script open_channel False
Open T ===>> OK
GetIndicatorState T ===>> OK
change switch state (True, True)
update switch state T True args=() kw={} ncanvase=3
19:12:46 -- OPEN   VALVE-T (Microbone to CO2 Laser)
-------------------------- open None (Microbone to CO2 Laser) result=[(True, True)]
action=open, ok=True, locked=[False]
executed snippet estimated_duration=0, duration=5.03303599358
PrepareForCO2Analysis.py completed successfully
gosub finished
set_motor ('beam', '1.0') {}
setting motor "beam" to 1.0
set motor beam to 1.0
SetMotor beam,1.0 ===>> OK
GetMotorMoving beam ===>> False
GetMotorMoving beam ===>> False
Block completed
move_to_position ('115',) {'autocenter': True}
FusionsCO2 move to position 115
sending GoToHole 115,True
GoToHole 115,True ===>> OK
GetDriveMoving ===>> OK
GetDriveMoving ===>> OK
GetDriveMoving ===>> OK
GetDriveMoving ===>> OK
GetDriveMoving ===>> False
GetDriveMoving ===>> OK
GetDriveMoving ===>> OK
GetDriveMoving ===>> OK
GetDriveMoving ===>> OK
GetDriveMoving ===>> OK
GetDriveMoving ===>> OK
GetDriveMoving ===>> False
Block completed
GetAutoCorrecting ===>> False
GetAutoCorrecting ===>> False
Block completed
update position
GetPosition ===>> 7.97560,0.00000,1.00000
got position (7.9756, 0.0, 1.0)
move to position succeeded
sleep (5,) {}
SLEEP 5.0
block started
WaitControl setup for 5.0  
Join finished
block finished. duration 5.02982091904
close () {'description': 'Microbone to Turbo'}
close name=--- desc=Microbone to Turbo
checking ownership. requestor=129.138.12.150
check software interlocks U
interlocks []
actuate state mode=None-script, software_lock=False
doing actuation None-script close_channel True
Close U ===>> OK
GetIndicatorState U ===>> False
change switch state (True, True)
update switch state U False args=() kw={} ncanvase=3
19:12:57 -- CLOSE  VALVE-U (Microbone to Turbo)
-------------------------- close None (Microbone to Turbo) result=[(True, True)]
action=close, ok=True, locked=[False]
enable laser
enable () {}
set extraction state FusionsCO2 Enabled (False, 'red', 1.5)
enabling laser
Enable ===>> OK
begin interval
BEGIN INTERVAL Interval 1 waiting for 30.0
block started
set extract to 5.0
WaitControl setup for 30.0  
extract (5.0,) {}
GetPosition ===>> 7.97560,0.00000,1.00000
set extraction state FusionsCO2 ON! 5.0(watts) (0.75, 'red', 1.5)
extract sample to 5.0 (watts)
set laser output
SetLaserOutput 5.0,watts ===>> OK
executing pattern triangle.lp
execute_pattern ('triangle.lp',) {}
executing pattern triangle.lp
IsPatterning ===>> OK
IsPatterning ===>> OK
IsPatterning ===>> OK
IsPatterning ===>> OK
IsPatterning ===>> OK
IsPatterning ===>> OK
IsPatterning ===>> OK
IsPatterning ===>> OK
IsPatterning ===>> OK
IsPatterning ===>> OK
IsPatterning ===>> OK
IsPatterning ===>> OK
IsPatterning ===>> OK
IsPatterning ===>> OK
IsPatterning ===>> OK
IsPatterning ===>> OK
IsPatterning ===>> OK
IsPatterning ===>> OK
IsPatterning ===>> OK
IsPatterning ===>> OK
IsPatterning ===>> OK
IsPatterning ===>> OK
IsPatterning ===>> OK
IsPatterning ===>> OK
IsPatterning ===>> OK
IsPatterning ===>> OK
IsPatterning ===>> False
IsPatterning ===>> False
Block completed
COMPLETE INTERVAL waiting for Interval 1 to complete
Join finished
block finished. duration 30.0625460148
Interval 1 finished
end_extract () {}
ending extraction. set laser power to 0
set laser power 0
SetLaserPower 0 ===>> OK
disable () {}
%%%%%%%%%%%%%%%%%%%%%%%%%%%%%%%%%%% disable
set extraction state False (0.75, 'red', 1.5)
disabling laser
Disable ===>> OK
sleep (30.0,) {}
SLEEP 30.0
block started
WaitControl setup for 30.0  
State checksums do not match. Local:1551197106 Remote:-59149802
State checksum failed
set states for children of B. state=False
set states for children of D. state=False
handle state [('B', False), ('D', False)]
update switch state B False args=() kw={'refresh': True} ncanvase=3
update switch state D False args=() kw={'refresh': False} ncanvase=3
refresh_canvas_needed fired
Join finished
block finished. duration 30.1006188393
executed snippet estimated_duration=166.0, duration=76.874751091
jan_co2.py completed successfully
GetAchievedOutput ===>> No Response
Requested Output= 0.000
Achieved Output=  0.000
GetResponseBlob ===>> No Response
GetOutputBlob ===>> No Response
persistence save...
persistence save - db
AutomatedRunPersister post_extraction_save deprecated
persistence save - dvc
no extraction position for 115
Extraction Finished
19:13:59 -- ******* Extraction Finished *******
no overlap. not waiting for min ms pumptime
19:13:59 -- Sending spectrometer configuration
======== Sending configuration ========
SetDeflection CDD,50.0 ===>> OK
SetDeflection H2,0.0 ===>> OK
SetDeflection H1,0.0 ===>> OK
SetDeflection L2,825.0 ===>> OK
SetDeflection L1,400.0 ===>> OK
SetDeflection AX,190.0 ===>> OK
SetZFocus 74.64 ===>> OK
SetZSymmetry -50.72 ===>> OK
SetExtractionLens 26.13 ===>> OK
SetIonRepeller -3.81 ===>> OK
SetElectronEnergy 75.08 ===>> OK
SetYSymmetry -2.81 ===>> OK
SetIonCounterVoltage 1590.0 ===>> OK
send trap current 200.0
GetParameter Trap Current Readback ===>> 198.370811206739
SetParameter Trap Current Set,200.0 ===>> OK
updating mftable name mftable
Using mftable located at /Users/jan/PychronDev/setupfiles/spectrometer/mftables/mftable.csv
============ MFtable ===========
Isotope  H2     H1     AX     L1     L2     CDD    
Ar40     5.8252 5.8788 5.9919 6.1651 6.2305 6.3933
Ar39     5.7244 5.7711 5.8843 6.0511 6.1156 6.2798
Ar36     5.4019 5.4401 5.5477 5.7100 5.7706 5.9309
================================
get initial guess parabolic
get initial guess parabolic
get initial guess parabolic
get initial guess parabolic
get initial guess parabolic
get initial guess parabolic
======== Configuration Finished ========
GetYSymmetry ===>> -2.81
GetZSymmetry ===>> -50.72
GetParameter Trap Current Readback ===>> 198.258926936459
GetHighVoltage ===>> 4499.94659342336
start measurement
do measurement
L#=65617 analysis type=unknown
Measurement Started jan_unknown120_60.py
19:13:59 -- ******* Measurement Started jan_unknown120_60.py *******
state changed from extraction to measurement
setting trap, emission, spec, defl, and gains
GetExtractionLens ===>> 26.13
GetYSymmetry ===>> -2.81
GetZSymmetry ===>> -50.72
GetZFocus ===>> 74.64
GetDeflection H2 ===>> 0
GetDeflection H1 ===>> 0
GetDeflection AX ===>> 190
GetDeflection L1 ===>> 400
GetDeflection L2 ===>> 825
GetDeflection CDD ===>> 50
GetGain H2 ===>> 0.0113
GetGain H1 ===>> 0.1
GetGain AX ===>> 0.09675
GetGain L1 ===>> 0.010355
GetGain L2 ===>> 0.095649
GetGain CDD ===>> 0
GetParameter Trap Current Readback ===>> 198.482695477019
GetParameter Source Current Readback ===>> 554.361289141183
pre measurement save
New frame /Users/jan/PychronDev/data/isotopes/b3/456510-6455-484e-b834-47df83b3ab3f.h5
flush and close file /Users/jan/PychronDev/data/isotopes/b3/456510-6455-484e-b834-47df83b3ab3f.h5
testing...
no interpolation path defined
executed snippet estimated_duration=226.132928, duration=0.000138998031616
unknown measurement script
activate_detectors ('H2', 'H1', 'AX', 'L1', 'L2', 'CDD') {}
activate detectors
*************** Set Analysis View Ar/Ar
create graphs
clearing graphs
clear isotope group
setting isotope det=H2, iso=Ar41
setting isotope det=H1, iso=Ar40
setting isotope det=AX, iso=Ar39
setting isotope det=L1, iso=Ar38
setting isotope det=L2, iso=Ar37
setting isotope det=CDD, iso=Ar36
setting previous blanks
 - setting Ar41 blank 0.024+/-0.006
 - setting Ar40 blank 1.651+/-0.009
 - setting Ar36 blank 0.00914+/-0.00023
 - setting Ar37 blank 0.065+/-0.005
 - setting Ar38 blank 0.0098+/-0.0021
 - setting Ar39 blank 0.028+/-0.009
load analysis view
position_magnet ('Ar40',) {'detector': 'H1'}
detector Detector(H1)
POSITION Ar40 H1
setting detector H2 to Ar41 (40.9624)
setting detector H1 to Ar40 (39.9624)
setting detector AX to Ar39 (38.9624)
setting detector L1 to Ar38 (37.9624)
setting detector L2 to Ar37 (36.9624)
setting detector CDD to Ar36 (35.9624)
Mapping mass to dac mass func: "parabolic"
H1 map mass coeffs = [-0.00063987  0.15840543  0.57041999]
H1 map mass to dac 39.9624 >> 5.87881
GetDeflection H1 ===>> 0
GetHighVoltage ===>> 4499.94659342336
positioning Ar40 (5.87877538024) on H1
setting magnet DAC
current  : 5.878775
requested: 5.878775
Delta Dac: 0.000000
Checking detector protection. dv=0.00000
Checking detector "CDD". Protection Threshold: 0.8 (V)
SetMagnetDAC 5.87877538024 ===>> OK
set_dac. change=False
equilibrate () {'delay': 3, 'inlet': 'R', 'outlet': 'O', 'eqtime': 12.0}
Equilibration Started
19:14:00 -- ******* Equilibration Started *******
checking ownership. requestor=129.138.12.150
check software interlocks O
interlocks []
actuate state mode=None-script, software_lock=False
doing actuation None-script close_channel True
Close O ===>> OK
GetIndicatorState O ===>> False
change switch state (True, True)
update switch state O False args=() kw={} ncanvase=3
19:14:00 -- CLOSE  VALVE-O (Jan Ion Pump)
waiting 3s before opening inlet value ('R',)
update labels <pychron.experiment.plot_panel.PlotPanel object at 0x1ab5ee1d0>
update labels "<pychron.graph.stacked_regression_graph.StackedRegressionGraph object at 0x18302b290>"
setting label 0 H2 Ar41
setting label 1 H1 Ar40
setting label 2 AX Ar39
setting label 3 L1 Ar38
setting label 4 L2 Ar37
setting label 5 CDD Ar36
update labels "<pychron.graph.stacked_graph.StackedGraph object at 0x1a65ab8f0>"
setting label 0 H2 Ar41
setting label 1 H1 Ar40
setting label 2 AX Ar39
setting label 3 L1 Ar38
setting label 4 L2 Ar37
setting label 5 CDD Ar36
checking ownership. requestor=129.138.12.150
check software interlocks R
interlocks []
actuate state mode=None-script, software_lock=False
doing actuation None-script open_channel True
Open R ===>> OK
GetIndicatorState R ===>> OK
change switch state (True, True)
update switch state R True args=() kw={} ncanvase=3
19:14:03 -- OPEN   VALVE-R (Jan Inlet)
set_time_zero () {}
equilibrating for 12.0sec
sniff (12.0,) {}
py_sniff
build tables- sniff [Detector(H2), Detector(H1), Detector(AX), Detector(L1), Detector(L2), Detector(CDD)]
add group /sniff/Ar41 (Group) '' table H2
add group /sniff/Ar40 (Group) '' table H1
add group /sniff/Ar39 (Group) '' table AX
add group /sniff/Ar38 (Group) '' table L1
add group /sniff/Ar37 (Group) '' table L2
add group /sniff/Ar36 (Group) '' table CDD
flush and close file /Users/jan/PychronDev/data/isotopes/b3/456510-6455-484e-b834-47df83b3ab3f.h5
measuring sniff. ncounts=12.0
"sniff" increment series count="1" fit count="0" regressing="False"
starting measurement
Equilibration Finished
19:14:15 -- ******* Equilibration Finished *******
checking ownership. requestor=129.138.12.150
check software interlocks R
interlocks []
actuate state mode=None-script, software_lock=False
doing actuation None-script close_channel True
Close R ===>> OK
set states for children of R. state=False
handle state [('R', False)]
update switch state R False args=() kw={'refresh': False} ncanvase=3
refresh_canvas_needed fired
GetIndicatorState R ===>> False
change switch state (True, True)
update switch state R False args=() kw={} ncanvase=3
19:14:16 -- CLOSE  VALVE-R (Jan Inlet)
Post Equilibration Started jan_pump_extraction_line.py
19:14:16 -- ******* Post Equilibration Started jan_pump_extraction_line.py *******
testing...
no interpolation path defined
calculate duration
testing...
no interpolation path defined
executed snippet estimated_duration=4.0, duration=0.00230193138123
executed snippet estimated_duration=4.0, duration=0.0212309360504
Pump after analysis
doing GOSUB
testing...
no interpolation path defined
executed snippet estimated_duration=4.0, duration=0.0001380443573
Pump Microbone
close () {'description': 'Jan Inlet'}
close name=--- desc=Jan Inlet
checking ownership. requestor=129.138.12.150
check software interlocks R
interlocks []
actuate state mode=None-script, software_lock=False
doing actuation None-script close_channel False
waiting for write to finish
measurement finished
estimated time: 12.583 actual time: :12.683
flush and close file /Users/jan/PychronDev/data/isotopes/b3/456510-6455-484e-b834-47df83b3ab3f.h5
set_fits () {}
using default fits file=/Users/jan/PychronDev/scripts/measurement/fits/nominal_linear.yaml
set "Ar41" to "('Average', 'SEM')"
set "Ar40" to "('Linear', 'SEM')"
set "Ar36" to "('Linear', 'SEM')"
set "Ar37" to "('linear', 'SEM')"
set "Ar38" to "('linear', 'SEM')"
set "Ar39" to "('Linear', 'SEM')"
set_baseline_fits () {}
using default fits file=/Users/jan/PychronDev/scripts/measurement/fits/nominal_linear.yaml
set "H2" to "('average', 'SEM')"
set "H1" to "('average', 'SEM')"
set "CDD" to "('average', 'SEM')"
set "L2" to "('average', 'SEM')"
set "L1" to "('average', 'SEM')"
set "AX" to "('average', 'SEM')"
multicollect () {'integration_time': 1, 'ncounts': 120}
build tables- signal [Detector(H2), Detector(H1), Detector(AX), Detector(L1), Detector(L2), Detector(CDD)]
add group /signal/Ar41 (Group) '' table H2
add group /signal/Ar40 (Group) '' table H1
add group /signal/Ar39 (Group) '' table AX
add group /signal/Ar38 (Group) '' table L1
add group /signal/Ar37 (Group) '' table L2
add group /signal/Ar36 (Group) '' table CDD
flush and close file /Users/jan/PychronDev/data/isotopes/b3/456510-6455-484e-b834-47df83b3ab3f.h5
measuring signal. ncounts=120
Close R ===>> OK
GetIndicatorState R ===>> False
change switch state (True, True)
update switch state R False args=() kw={} ncanvase=3
19:14:16 -- CLOSE  VALVE-R (Jan Inlet)
-------------------------- close None (Jan Inlet) result=[(True, True)]
"signal" increment series count="2" fit count="1" regressing="True"
action=close, ok=True, locked=[False]
is_closed ('F',) {}
is F () closed?
is closed True
open () {'description': 'CO2 Laser to Jan'}
open name=--- desc=CO2 Laser to Jan
checking ownership. requestor=129.138.12.150
check software interlocks A
interlocks []
actuate state mode=None-script, software_lock=False
doing actuation None-script open_channel False
Open A ===>> OK
GetIndicatorState A ===>> OK
change switch state (True, True)
update switch state A True args=() kw={} ncanvase=3
19:14:17 -- OPEN   VALVE-A (CO2 Laser to Jan)
-------------------------- open None (CO2 Laser to Jan) result=[(True, True)]
starting measurement
action=open, ok=True, locked=[False]
sleep (1,) {}
SLEEP 1.0
close () {'description': 'CO2 Laser to Roughing'}
close name=--- desc=CO2 Laser to Roughing
checking ownership. requestor=129.138.12.150
check software interlocks G
interlocks []
actuate state mode=None-script, software_lock=True
VALVE-G(CO2 Laser to Roughing) software locked
change switch state (True, False)
-------------------------- close None (CO2 Laser to Roughing) result=[(True, False)]
action=close, ok=True, locked=[True]
open () {'description': 'Microbone to Turbo'}
open name=--- desc=Microbone to Turbo
checking ownership. requestor=129.138.12.150
check software interlocks U
interlocks []
actuate state mode=None-script, software_lock=False
doing actuation None-script open_channel True
Open U ===>> OK
GetIndicatorState U ===>> OK
change switch state (True, True)
update switch state U True args=() kw={} ncanvase=3
19:14:18 -- OPEN   VALVE-U (Microbone to Turbo)
-------------------------- open None (Microbone to Turbo) result=[(True, True)]
action=open, ok=True, locked=[False]
open () {'description': 'Microbone to Getter NP-10'}
open name=--- desc=Microbone to Getter NP-10
checking ownership. requestor=129.138.12.150
check software interlocks M
interlocks []
actuate state mode=None-script, software_lock=False
doing actuation None-script open_channel False
Open M ===>> OK
GetIndicatorState M ===>> OK
change switch state (True, True)
update switch state M True args=() kw={} ncanvase=3
19:14:19 -- OPEN   VALVE-M (Microbone to Getter NP-10)
-------------------------- open None (Microbone to Getter NP-10) result=[(True, True)]
action=open, ok=True, locked=[False]
open () {'description': 'Microbone to Getter D-50'}
open name=--- desc=Microbone to Getter D-50
checking ownership. requestor=129.138.12.150
check software interlocks K
interlocks []
actuate state mode=None-script, software_lock=False
doing actuation None-script open_channel False
Open K ===>> OK
GetIndicatorState K ===>> OK
change switch state (True, True)
update switch state K True args=() kw={} ncanvase=3
19:14:19 -- OPEN   VALVE-K (Microbone to Getter D-50)
-------------------------- open None (Microbone to Getter D-50) result=[(True, True)]
action=open, ok=True, locked=[False]
open () {'description': 'Microbone to CO2 Laser'}
open name=--- desc=Microbone to CO2 Laser
checking ownership. requestor=129.138.12.150
check software interlocks T
interlocks []
actuate state mode=None-script, software_lock=False
doing actuation None-script open_channel False
Open T ===>> OK
GetIndicatorState T ===>> OK
change switch state (True, True)
update switch state T True args=() kw={} ncanvase=3
19:14:20 -- OPEN   VALVE-T (Microbone to CO2 Laser)
-------------------------- open None (Microbone to CO2 Laser) result=[(True, True)]
action=open, ok=True, locked=[False]
open () {'description': 'Microbone to Inlet Pipette'}
open name=--- desc=Microbone to Inlet Pipette
checking ownership. requestor=129.138.12.150
check software interlocks S
interlocks []
actuate state mode=None-script, software_lock=False
doing actuation None-script open_channel False
Open S ===>> OK
GetIndicatorState S ===>> OK
change switch state (True, True)
update switch state S True args=() kw={} ncanvase=3
19:14:21 -- OPEN   VALVE-S (Microbone to Inlet Pipette)
-------------------------- open None (Microbone to Inlet Pipette) result=[(True, True)]
action=open, ok=True, locked=[False]
sleep (1,) {}
SLEEP 1.0
testing H1<-5.0
evaluate ot="H1.bs<-5.0" t="H1<-5.0", ctx="{'H1': 0.11561810127482149}"
set_resource () {'name': 'CO2PumpTimeFlag', 'value': 30}
Set CO2PumpTimeFlag 30 ===>> OK
release ('JanCO2Flag',) {}
release JanCO2Flag
Set JanCO2Flag 0 ===>> OK
executed snippet estimated_duration=6.0, duration=6.04483509064
PumpMicrobone.py completed successfully
gosub finished
get_resource_value () {'name': 'JanMiniboneFlag'}
Read JanMiniboneFlag ===>> 0
Get Resource Value JanMiniboneFlag=0.0
get resource value 0.0
get_resource_value () {'name': 'JanMiniboneFlag'}
Read JanMiniboneFlag ===>> 0
Get Resource Value JanMiniboneFlag=0.0
executed snippet estimated_duration=4.0, duration=6.05659604073
jan_pump_extraction_line.py completed successfully
Post Equilibration Finished
19:14:22 -- ******* Post Equilibration Finished *******
testing H1<-5.0
evaluate ot="H1.bs<-5.0" t="H1<-5.0", ctx="{'H1': 0.11561810127482149}"
testing H1<-5.0
evaluate ot="H1.bs<-5.0" t="H1<-5.0", ctx="{'H1': 0.11561810127482149}"
testing H1<-5.0
evaluate ot="H1.bs<-5.0" t="H1<-5.0", ctx="{'H1': 0.11561810127482149}"
set states for children of C. state=False
handle state [('C', False)]
update switch state C False args=() kw={'refresh': False} ncanvase=3
refresh_canvas_needed fired
set states for children of B. state=True
handle state [('B', True)]
update switch state B True args=() kw={'refresh': False} ncanvase=3
refresh_canvas_needed fired
testing H1<-5.0
evaluate ot="H1.bs<-5.0" t="H1<-5.0", ctx="{'H1': 0.11561810127482149}"
19:14:42 -- collecting point 25
testing H1<-5.0
evaluate ot="H1.bs<-5.0" t="H1<-5.0", ctx="{'H1': 0.11561810127482149}"
testing H1<-5.0
evaluate ot="H1.bs<-5.0" t="H1<-5.0", ctx="{'H1': 0.11561810127482149}"
testing H1<-5.0
evaluate ot="H1.bs<-5.0" t="H1<-5.0", ctx="{'H1': 0.11561810127482149}"
set states for children of B. state=False
handle state [('B', False)]
update switch state B False args=() kw={'refresh': False} ncanvase=3
refresh_canvas_needed fired
testing H1<-5.0
evaluate ot="H1.bs<-5.0" t="H1<-5.0", ctx="{'H1': 0.11561810127482149}"
testing H1<-5.0
evaluate ot="H1.bs<-5.0" t="H1<-5.0", ctx="{'H1': 0.11561810127482149}"
19:15:08 -- collecting point 50
testing H1<-5.0
evaluate ot="H1.bs<-5.0" t="H1<-5.0", ctx="{'H1': 0.11561810127482149}"
testing H1<-5.0
evaluate ot="H1.bs<-5.0" t="H1<-5.0", ctx="{'H1': 0.11561810127482149}"
testing H1<-5.0
evaluate ot="H1.bs<-5.0" t="H1<-5.0", ctx="{'H1': 0.11561810127482149}"
testing H1<-5.0
evaluate ot="H1.bs<-5.0" t="H1<-5.0", ctx="{'H1': 0.11561810127482149}"
testing H1<-5.0
evaluate ot="H1.bs<-5.0" t="H1<-5.0", ctx="{'H1': 0.11561810127482149}"
19:15:35 -- collecting point 75
testing H1<-5.0
evaluate ot="H1.bs<-5.0" t="H1<-5.0", ctx="{'H1': 0.11561810127482149}"
testing H1<-5.0
evaluate ot="H1.bs<-5.0" t="H1<-5.0", ctx="{'H1': 0.11561810127482149}"
testing H1<-5.0
evaluate ot="H1.bs<-5.0" t="H1<-5.0", ctx="{'H1': 0.11561810127482149}"
testing H1<-5.0
evaluate ot="H1.bs<-5.0" t="H1<-5.0", ctx="{'H1': 0.11561810127482149}"
testing H1<-5.0
evaluate ot="H1.bs<-5.0" t="H1<-5.0", ctx="{'H1': 0.11561810127482149}"
19:16:01 -- collecting point 100
set states for children of V. state=False
handle state [('V', False)]
update switch state V False args=() kw={'refresh': False} ncanvase=3
refresh_canvas_needed fired
set states for children of H. state=True
handle state [('H', True)]
update switch state H True args=() kw={'refresh': False} ncanvase=3
refresh_canvas_needed fired
testing H1<-5.0
evaluate ot="H1.bs<-5.0" t="H1<-5.0", ctx="{'H1': 0.11561810127482149}"
testing H1<-5.0
evaluate ot="H1.bs<-5.0" t="H1<-5.0", ctx="{'H1': 0.11561810127482149}"
testing H1<-5.0
evaluate ot="H1.bs<-5.0" t="H1<-5.0", ctx="{'H1': 0.11561810127482149}"
testing H1<-5.0
evaluate ot="H1.bs<-5.0" t="H1<-5.0", ctx="{'H1': 0.11561810127482149}"
waiting for write to finish
measurement finished
estimated time: 125.829 actual time: :126.209
flush and close file /Users/jan/PychronDev/data/isotopes/b3/456510-6455-484e-b834-47df83b3ab3f.h5
baselines () {'settling_time': 15.0, 'detector': 'H1', 'mass': 34.2, 'ncounts': 60}
%%%%%%%%%%%%%%%%%%%%%%%%%%%%%%%% Baseline
build tables- baseline [Detector(H2), Detector(H1), Detector(AX), Detector(L1), Detector(L2), Detector(CDD)]
add group baseline table H2
add group baseline table H1
add group baseline table AX
add group baseline table L1
add group baseline table L2
add group baseline table CDD
flush and close file /Users/jan/PychronDev/data/isotopes/b3/456510-6455-484e-b834-47df83b3ab3f.h5
detector Detector(H1)
POSITION 34.2 H1
Mapping mass to dac mass func: "parabolic"
H1 map mass coeffs = [-0.00063987  0.15840543  0.57041999]
H1 map mass to dac 34.2 >> 5.23946599104
GetDeflection H1 ===>> 0
GetHighVoltage ===>> 4499.94659342336
positioning 34.2 (5.23943513632) on H1
setting magnet DAC
current  : 5.878775
requested: 5.239435
Delta Dac: 0.639340
Checking detector protection. dv=0.63934
Checking detector "CDD". Protection Threshold: 0.8 (V)
SetMagnetDAC 5.23943513632 ===>> OK
Magnet settling time: 0.500 0.500
Magnet settling complete
set_dac. change=True
Delaying 15.0s for detectors to settle
set states for children of C. state=True
set states for children of H. state=False
handle state [('C', True), ('H', False)]
update switch state C True args=() kw={'refresh': True} ncanvase=3
update switch state H False args=() kw={'refresh': False} ncanvase=3
refresh_canvas_needed fired
set states for children of B. state=True
set states for children of D. state=True
handle state [('B', True), ('D', True)]
update switch state B True args=() kw={'refresh': True} ncanvase=3
update switch state D True args=() kw={'refresh': False} ncanvase=3
refresh_canvas_needed fired
Join finished
measuring baseline. ncounts=60
"baseline" increment series count="2" fit count="1" regressing="True"
starting measurement
testing H1<-5.0
evaluate ot="H1.bs<-5.0" t="H1<-5.0", ctx="{'H1': 0.14015347979098325}"
testing H1<-5.0
evaluate ot="H1.bs<-5.0" t="H1<-5.0", ctx="{'H1': 0.12025213125354986}"
testing H1<-5.0
evaluate ot="H1.bs<-5.0" t="H1<-5.0", ctx="{'H1': 0.12476117618055138}"
testing H1<-5.0
evaluate ot="H1.bs<-5.0" t="H1<-5.0", ctx="{'H1': 0.12274436824235517}"
testing H1<-5.0
evaluate ot="H1.bs<-5.0" t="H1<-5.0", ctx="{'H1': 0.12434282744009932}"
19:17:05 -- collecting point 25
testing H1<-5.0
evaluate ot="H1.bs<-5.0" t="H1<-5.0", ctx="{'H1': 0.12725367913755695}"
testing H1<-5.0
evaluate ot="H1.bs<-5.0" t="H1<-5.0", ctx="{'H1': 0.12716457871225517}"
testing H1<-5.0
evaluate ot="H1.bs<-5.0" t="H1<-5.0", ctx="{'H1': 0.12679137246980027}"
testing H1<-5.0
evaluate ot="H1.bs<-5.0" t="H1<-5.0", ctx="{'H1': 0.12374068714206805}"
testing H1<-5.0
evaluate ot="H1.bs<-5.0" t="H1<-5.0", ctx="{'H1': 0.11980283185067721}"
19:17:31 -- collecting point 50
testing H1<-5.0
evaluate ot="H1.bs<-5.0" t="H1<-5.0", ctx="{'H1': 0.11737458243145021}"
testing H1<-5.0
evaluate ot="H1.bs<-5.0" t="H1<-5.0", ctx="{'H1': 0.11831183558241402}"
waiting for write to finish
measurement finished
estimated time: 62.915 actual time: :63.133
flush and close file /Users/jan/PychronDev/data/isotopes/b3/456510-6455-484e-b834-47df83b3ab3f.h5
activate_detectors ('H1', 'AX', 'CDD') {'peak_center': True}
peak_center () {'detector': 'H1', 'integration_time': 0.262144, 'isotope': 'Ar40'}
peak center: mean=40.0879263977 threshold=3
peak center started
setup peak center. detector=['H1', 'AX', 'CDD'], isotope=Ar40
VersionedUnpickler [<apptools.sweet_pickle.versioned_unpickler.VersionedUnpickler object at 0x1abe6a2f0>] using Updater [<apptools.sweet_pickle.updater.Updater object at 0x1388b6e30>]
VersionedUnpickler [<apptools.sweet_pickle.versioned_unpickler.VersionedUnpickler object at 0x1abe6a2f0>] using Updater [<apptools.sweet_pickle.updater.Updater object at 0x1388b6e30>]
VersionedUnpickler [<apptools.sweet_pickle.versioned_unpickler.VersionedUnpickler object at 0x198d94530>] using Updater [<apptools.sweet_pickle.updater.Updater object at 0x1388b6e30>]
Mapping mass to dac mass func: "parabolic"
H1 map mass coeffs = [-0.00063987  0.15840543  0.57041999]
H1 map mass to dac 39.9624 >> 5.87881
GetDeflection H1 ===>> 0
GetHighVoltage ===>> 4499.94659342336
do peak center. <pychron.spectrometer.jobs.peak_center.PeakCenter object at 0x12f1e0530>
doing pc
starting peak center. center dac= 5.87877538024 step_width=0.0015
width = 0.0015
get scan parameters. half-width=0.015,window=0.015, i=0, scalar=1
Scan parameters center=5.87878 width=0.03000 (5.86378 - 5.89378)
Moving to starting dac 5.86377538024
setting magnet DAC
current  : 5.239435
requested: 5.863775
Delta Dac: 0.624340
Checking detector protection. dv=0.62434
Checking detector "CDD". Protection Threshold: 0.8 (V)
SetMagnetDAC 5.86377538024 ===>> OK
Magnet settling time: 0.500 0.500
Magnet settling complete
set_dac. change=True
Wait until signal near baseline. tol= 0.0794893064084. timeout= 10
Peak center failed to move to a baseline position
_do_sweep sm= 5.86377538024, em= 5.89377538024, stm= 0.0015
calculated step values: start=5.86377538024, end=5.89377538024, width=0.0015, nsteps=21.0
setting magnet DAC
current  : 5.863775
requested: 5.863775
Delta Dac: 0.000000
Checking detector protection. dv=0.00000
Checking detector "CDD". Protection Threshold: 0.8 (V)
SetMagnetDAC 5.86377538024 ===>> OK
set_dac. change=False
setting magnet DAC
current  : 5.863775
requested: 5.865354
Delta Dac: 0.001579
Checking detector protection. dv=0.00158
Checking detector "CDD". Protection Threshold: 0.8 (V)
SetMagnetDAC 5.86535432761 ===>> OK
Magnet settling time: 2.097 0.500
Magnet settling complete
set_dac. change=True
setting magnet DAC
current  : 5.865354
requested: 5.866933
Delta Dac: 0.001579
Checking detector protection. dv=0.00158
Checking detector "CDD". Protection Threshold: 0.8 (V)
SetMagnetDAC 5.86693327498 ===>> OK
Magnet settling time: 2.097 0.500
Magnet settling complete
set_dac. change=True
setting magnet DAC
current  : 5.866933
requested: 5.868512
Delta Dac: 0.001579
Checking detector protection. dv=0.00158
Checking detector "CDD". Protection Threshold: 0.8 (V)
ask. get packet. error: timed out address: UDP://129.138.12.152:1069
SetMagnetDAC 5.86851222234 ===>> OK
Magnet settling time: 2.097 0.500
Magnet settling complete
set_dac. change=True
setting magnet DAC
current  : 5.868512
requested: 5.870091
Delta Dac: 0.001579
Checking detector protection. dv=0.00158
Checking detector "CDD". Protection Threshold: 0.8 (V)
SetMagnetDAC 5.87009116971 ===>> OK
Magnet settling time: 2.097 0.500
Magnet settling complete
set_dac. change=True
setting magnet DAC
current  : 5.870091
requested: 5.871670
Delta Dac: 0.001579
Checking detector protection. dv=0.00158
Checking detector "CDD". Protection Threshold: 0.8 (V)
SetMagnetDAC 5.87167011708 ===>> OK
Magnet settling time: 2.097 0.500
Magnet settling complete
set_dac. change=True
setting magnet DAC
current  : 5.871670
requested: 5.873249
Delta Dac: 0.001579
Checking detector protection. dv=0.00158
Checking detector "CDD". Protection Threshold: 0.8 (V)
SetMagnetDAC 5.87324906445 ===>> OK
Magnet settling time: 2.097 0.500
Magnet settling complete
set_dac. change=True
setting magnet DAC
current  : 5.873249
requested: 5.874828
Delta Dac: 0.001579
Checking detector protection. dv=0.00158
Checking detector "CDD". Protection Threshold: 0.8 (V)
SetMagnetDAC 5.87482801182 ===>> OK
Magnet settling time: 2.097 0.500
Magnet settling complete
set_dac. change=True
setting magnet DAC
current  : 5.874828
requested: 5.876407
Delta Dac: 0.001579
Checking detector protection. dv=0.00158
Checking detector "CDD". Protection Threshold: 0.8 (V)
SetMagnetDAC 5.87640695919 ===>> OK
Magnet settling time: 2.097 0.500
Magnet settling complete
set_dac. change=True
setting magnet DAC
current  : 5.876407
requested: 5.877986
Delta Dac: 0.001579
Checking detector protection. dv=0.00158
Checking detector "CDD". Protection Threshold: 0.8 (V)
SetMagnetDAC 5.87798590655 ===>> OK
Magnet settling time: 2.097 0.500
Magnet settling complete
set_dac. change=True
setting magnet DAC
current  : 5.877986
requested: 5.879565
Delta Dac: 0.001579
Checking detector protection. dv=0.00158
Checking detector "CDD". Protection Threshold: 0.8 (V)
SetMagnetDAC 5.87956485392 ===>> OK
Magnet settling time: 2.097 0.500
Magnet settling complete
set_dac. change=True
setting magnet DAC
current  : 5.879565
requested: 5.881144
Delta Dac: 0.001579
Checking detector protection. dv=0.00158
Checking detector "CDD". Protection Threshold: 0.8 (V)
SetMagnetDAC 5.88114380129 ===>> OK
Magnet settling time: 2.097 0.500
Magnet settling complete
set_dac. change=True
setting magnet DAC
current  : 5.881144
requested: 5.882723
Delta Dac: 0.001579
Checking detector protection. dv=0.00158
Checking detector "CDD". Protection Threshold: 0.8 (V)
SetMagnetDAC 5.88272274866 ===>> OK
Magnet settling time: 2.097 0.500
Magnet settling complete
set_dac. change=True
setting magnet DAC
current  : 5.882723
requested: 5.884302
Delta Dac: 0.001579
Checking detector protection. dv=0.00158
Checking detector "CDD". Protection Threshold: 0.8 (V)
SetMagnetDAC 5.88430169603 ===>> OK
Magnet settling time: 2.097 0.500
Magnet settling complete
set_dac. change=True
setting magnet DAC
current  : 5.884302
requested: 5.885881
Delta Dac: 0.001579
Checking detector protection. dv=0.00158
Checking detector "CDD". Protection Threshold: 0.8 (V)
SetMagnetDAC 5.8858806434 ===>> OK
Magnet settling time: 2.097 0.500
Magnet settling complete
set_dac. change=True
setting magnet DAC
current  : 5.885881
requested: 5.887460
Delta Dac: 0.001579
Checking detector protection. dv=0.00158
Checking detector "CDD". Protection Threshold: 0.8 (V)
ask. get packet. error: timed out address: UDP://129.138.12.152:1069
SetMagnetDAC 5.88745959077 ===>> OK
Magnet settling time: 2.097 0.500
Magnet settling complete
set_dac. change=True
setting magnet DAC
current  : 5.887460
requested: 5.889039
Delta Dac: 0.001579
Checking detector protection. dv=0.00158
Checking detector "CDD". Protection Threshold: 0.8 (V)
SetMagnetDAC 5.88903853813 ===>> OK
Magnet settling time: 2.097 0.500
Magnet settling complete
set_dac. change=True
setting magnet DAC
current  : 5.889039
requested: 5.890617
Delta Dac: 0.001579
Checking detector protection. dv=0.00158
Checking detector "CDD". Protection Threshold: 0.8 (V)
SetMagnetDAC 5.8906174855 ===>> OK
Magnet settling time: 2.097 0.500
Magnet settling complete
set_dac. change=True
setting magnet DAC
current  : 5.890617
requested: 5.892196
Delta Dac: 0.001579
Checking detector protection. dv=0.00158
Checking detector "CDD". Protection Threshold: 0.8 (V)
SetMagnetDAC 5.89219643287 ===>> OK
Magnet settling time: 2.097 0.500
Magnet settling complete
set_dac. change=True
setting magnet DAC
current  : 5.892196
requested: 5.893775
Delta Dac: 0.001579
Checking detector protection. dv=0.00158
Checking detector "CDD". Protection Threshold: 0.8 (V)
SetMagnetDAC 5.89377538024 ===>> OK
Magnet settling time: 2.097 0.500
Magnet settling complete
set_dac. change=True
result of _do_sweep=True
result of _calculate_peak_center=([5.8709597489766505, 5.8786851998784542, 5.8864106507802578], [30.114357934088403, 40.999849655025372, 29.907180799815407], 5.881150129738173, 40.999849655025372)
Failed to find a valid peak. No peak greater than 1.0. max = 0.0414069837492
new center pos Detector(H1) (Ar40) @ 5.87868519988
GetHighVoltage ===>> 4499.94659342336
GetDeflection H1 ===>> 0
dac uncorrected for HV and deflection 5.87871981911
update mftable H1 Ar40 5.87871981911 message=automated run peakcenter
get initial guess parabolic
get initial guess parabolic
get initial guess parabolic
get initial guess parabolic
get initial guess parabolic
get initial guess parabolic
dump mftable to /Users/jan/PychronDev/setupfiles/spectrometer/mftables/mftable.csv
sweep finished
add to repo msg=modified - automated run peakcenter
locally archiving mftable
setting magnet DAC
current  : 5.893775
requested: 5.878685
Delta Dac: 0.015090
Checking detector protection. dv=0.01509
Checking detector "CDD". Protection Threshold: 0.8 (V)
SetMagnetDAC 5.87868519988 ===>> OK
Magnet settling time: 0.500 0.500
Magnet settling complete
set_dac. change=True
Failed to find a valid peak. No peak greater than 1.0. max = 0.0414069837492
flush and close file /Users/jan/PychronDev/data/isotopes/b3/456510-6455-484e-b834-47df83b3ab3f.h5
finished measure script
executed snippet estimated_duration=226.132928, duration=277.375566959
jan_unknown120_60.py completed successfully
Measurement Finished
19:18:37 -- ******* Measurement Finished *******
Post Measurement Started jan_pump_ms.py
19:18:37 -- ******* Post Measurement Started jan_pump_ms.py *******
testing...
no interpolation path defined
executed snippet estimated_duration=0, duration=2.78949737549e-05
Pumping spectrometer
open () {'name': 'O'}
open name=O desc=---
checking ownership. requestor=129.138.12.150
check software interlocks O
interlocks []
actuate state mode=None-script, software_lock=False
doing actuation None-script open_channel True
Open O ===>> OK
GetIndicatorState O ===>> OK
change switch state (True, True)
update switch state O True args=() kw={} ncanvase=3
19:18:37 -- OPEN   VALVE-O (Jan Ion Pump)
-------------------------- open O () result=[(True, True)]
action=open, ok=True, locked=[False]
executed snippet estimated_duration=0, duration=0.355938911438
jan_pump_ms.py completed successfully
setting _ms_pumptime
Post Measurement Finished
19:18:37 -- ******* Post Measurement Finished *******
$$$$$$$$$$$$$$$$$$$$ state at run end measurement
state changed from measurement to success
post measurement save measured=True aborted=False
Set filtering
setting fod for Ar41= {'filter_outliers': True, 'std_devs': 2, 'iterations': 1}
setting fod for H2= {'filter_outliers': True, 'std_devs': 2, 'iterations': 1}
setting fod for Ar40= {'filter_outliers': True, 'std_devs': 2, 'iterations': 1}
setting fod for H1= {'filter_outliers': True, 'std_devs': 2, 'iterations': 1}
setting fod for Ar36= {'filter_outliers': True, 'std_devs': 2, 'iterations': 1}
setting fod for CDD= {'filter_outliers': True, 'std_devs': 10, 'iterations': 1}
setting fod for Ar37= {'filter_outliers': True, 'std_devs': 2, 'iterations': 1}
setting fod for L2= {'filter_outliers': True, 'std_devs': 2, 'iterations': 1}
setting fod for Ar38= {'filter_outliers': True, 'std_devs': 2, 'iterations': 1}
setting fod for L1= {'filter_outliers': True, 'std_devs': 2, 'iterations': 1}
setting fod for Ar39= {'filter_outliers': True, 'std_devs': 2, 'iterations': 1}
setting fod for AX= {'filter_outliers': True, 'std_devs': 2, 'iterations': 1}
persistence save...
persistence save - db
post measurement save
6159232176 connecting to database sqlite:////Users/jan/PychronDev/.appdata/local_lab.db
connected to db sqlite:////Users/jan/PychronDev/.appdata/local_lab.db
create new session 6159232176
close session 6159232176
No database instance. Not saving post measurement to isotopedb database
$$$$$$$$$$$$$$$ auto_save_detector_ic=False
massspec enabled True
create new session 4972174128
MassSpec Database Version: 16.0
close session 4972174128
saving post measurement to secondary database
saving to massspec database 129.138.12.160/massspecdata
setting labnumber to 65617
setting aliquot to 3
setting step to 
setting uuid to b3456510-6455-484e-b834-47df83b3ab3f
setting irradpos to 65617
setting extract_device to Fusions CO2
setting tray to 
setting position to 115
setting power_requested to 5.0
setting extract_value to 5.0
setting duration to 30.0
setting duration_at_request to 30.0
setting first_stage_delay to 30.0
setting cleanup to 30.0
setting comment to C9: sanidine
setting irradiation to NM-290
setting level to C
setting irradiation_level to C
setting sample to H16-30
setting material to Plagioclase
setting project to IR1005
setting mass_spectrometer to Jan
no attribute chron_dosages
no attribute production_ratios
no attribute interference_corrections
no attribute production_name
no attribute j
Reference Isotope=Ar40
Reference Detector=H1
%%%%%%%%%%%%%%%%%%%% Comment: C9: sanidine %%%%%%%%%%%%%%%%%%%
adding isotope Ar41 H2
add baseline dbdet= Ar41. original det= H2
get baseline data Ar41 H2
Get data baseline <pychron.processing.isotope.Baseline object at 0x14905f050> len t=60
baseline Ar41. v=-0.177097793181, e=0.00687048816317
get signal data Ar41 H2
Get data signal Ar41 0.001+/-0.006 len t=120
adding isotope Ar40 H1
add baseline dbdet= Ar40. original det= H1
get baseline data Ar40 H1
Get data baseline <pychron.processing.isotope.Baseline object at 0x14905f750> len t=60
baseline Ar40. v=0.120422196814, e=0.00509850882867
get signal data Ar40 H1
Get data signal Ar40 37.611+/-0.017 len t=120
adding isotope Ar39 AX
add baseline dbdet= Ar39. original det= AX
get baseline data Ar39 AX
Get data baseline <pychron.processing.isotope.Baseline object at 0x1a003bf10> len t=60
baseline Ar39. v=-0.0631940791382, e=0.00610276614544
get signal data Ar39 AX
Get data signal Ar39 18.660+/-0.015 len t=120
adding isotope Ar38 L1
add baseline dbdet= Ar38. original det= L1
get baseline data Ar38 L1
Get data baseline <pychron.processing.isotope.Baseline object at 0x1a003b1d0> len t=60
baseline Ar38. v=-0.0325917711203, e=0.00248214617883
get signal data Ar38 L1
Get data signal Ar38 0.254+/-0.005 len t=120
adding isotope Ar37 L2
add baseline dbdet= Ar37. original det= L2
get baseline data Ar37 L2
Get data baseline <pychron.processing.isotope.Baseline object at 0x1a003bc90> len t=60
baseline Ar37. v=-0.025321000346, e=0.0063985894044
get signal data Ar37 L2
Get data signal Ar37 24.122+/-0.015 len t=120
adding isotope Ar36 CDD
add baseline dbdet= Ar36. original det= CDD
get baseline data Ar36 CDD
Get data baseline <pychron.processing.isotope.Baseline object at 0x1a003b550> len t=60
baseline Ar36. v=3.76566094356e-05, e=9.88631620669e-06
get signal data Ar36 CDD
Get data signal Ar36 0.0342+/-0.0004 len t=120
65617-03 added analysis time 0.491108179092s
analysis added to mass spec database
mass spec save time= 0.501
persistence save - dvc
================= post measurement started
create new session 4938858768
close session 4938858768
---------------- Experiment Queue saving disabled
DVC saving peakcenter
Failed to find a valid peak. No peak greater than 1.0. max = 0.0414069837492
Smart pull ahead: 0 behind: 0
Up-to-date with origin
add to repo msg=modified - ad8224ebc6dbfeb9f5997218dfa5fe690569839d.json
add to repo msg=modified - 17-03.json
add to repo msg=modified - 17-03.dat.json
add to repo msg=modified - 17-03.blan.json
add to repo msg=modified - 17-03.inte.json
add to repo msg=modified - 17-03.icfa.json
add to repo msg=modified - 17-03.base.json
not at valid file /Users/jan/PychronDev/data/.dvc/repositories/Irradiation-NM-290/656/tags/17-03.tags.json
add to repo msg=modified - 17-03.peak.json
add to repo msg=modified - 17-03.extr.json
not at valid file /Users/jan/PychronDev/data/.dvc/repositories/Irradiation-NM-290/656/monitor/17-03.moni.json
commit message=<COLLECTION>
add to repo msg=modified - 17-03.inte.json
add to repo msg=modified - 17-03.base.json
commit message=<ISOEVO> default collection fits
add to repo msg=modified - 17-03.blan.json
commit message=<BLANKS> preceding bu-FC-J-8022
add to repo msg=modified - 17-03.icfa.json
commit message=<ICFactor> default
push repository <pychron.git_archive.repo_manager.GitRepoManager object at 0x1b13fbfb0>
pushing to remote=origin, url=https://github.com
no changes to meta repo
create new session 4938858768
add association Irradiation-NM-290
get identifier "65617"
setting analysis irradiation position=<pychron.dvc.dvc_orm.IrradiationPositionTbl object at 0x17c095050>
close session 4938858768
================= post measurement finished
19:18:49 -- ******* Post Run Check *******
loading queue conditionals post_run_actions
loading system conditionals post_run_actions
loading conditionals from /Users/jan/PychronDev/setupfiles/spectrometer/default_conditionals.yaml
loading queue conditionals post_run_terminations
loading system conditionals post_run_terminations
loading conditionals from /Users/jan/PychronDev/setupfiles/spectrometer/default_conditionals.yaml
Checking default post run terminations n=1
GetDeflection CDD ===>> 50
testing CDD==2000
evaluate ot="CDD.deflection==2000" t="CDD==2000", ctx="{'CDD': 50.0}"
19:18:49 -- ******* Post Run Check Passed *******
19:18:49 -- Automated run 65617-03 success duration: 370.360 s
----------------- finish -----------------
----------------- stop -----------------
retroactive repository identifiers disabled
finish run. runs completed=34
update duration runid=65617-03, duration=370.359738827, md5=301e91d8
loading script "jan_unknown120_60.py"
loading script "jan_pump_ms.py"
loading script "jan_co2.py"
loading script "jan_pump_extraction_line.py"
testing...
no interpolation path defined
executed snippet estimated_duration=213.652928, duration=0.000363111495972
script duration name:unknown120_60 seconds:214.0
loading script "jan_unknown120_60.py"
loading script "jan_pump_ms.py"
loading script "jan_co2.py"
loading script "jan_pump_extraction_line.py"
testing...
no interpolation path defined
executed snippet estimated_duration=0, duration=2.78949737549e-05
loading script "jan_unknown120_60.py"
loading script "jan_pump_ms.py"
loading script "jan_co2.py"
loading script "jan_pump_extraction_line.py"
testing...
no interpolation path defined
calculate duration
testing...
no interpolation path defined
executed snippet estimated_duration=0, duration=5.50746917725e-05
calculate duration
testing...
no interpolation path defined
executed snippet estimated_duration=0, duration=0.000118017196655
executed snippet estimated_duration=0.0, duration=0.00883316993713
script duration name:co2 seconds:0.0
loading script "jan_unknown120_60.py"
loading script "jan_pump_ms.py"
loading script "jan_co2.py"
loading script "jan_pump_extraction_line.py"
testing...
no interpolation path defined
calculate duration
testing...
no interpolation path defined
executed snippet estimated_duration=4.0, duration=0.000240087509155
executed snippet estimated_duration=4.0, duration=0.00345015525818
Script duration 214.0
Run total estimated duration= 215.000
unknown120_60 in script context. using previous estimated duration
script duration name:unknown120_60 seconds:214.0
pump_ms in script context. using previous estimated duration
co2 in script context. using previous estimated duration
script duration name:co2 seconds:0.0
pump_extraction_line in script context. using previous estimated duration
Script duration 214.0
Run total estimated duration= 215.000
script duration name:unknown120_60 seconds:214.0
script duration name:co2 seconds:0.0
Script duration 214.0
Run total estimated duration= 215.000
script duration name:unknown120_60 seconds:214.0
script duration name:co2 seconds:0.0
Script duration 214.0
Run total estimated duration= 215.000
script duration name:unknown120_60 seconds:214.0
script duration name:co2 seconds:0.0
Script duration 214.0
Run total estimated duration= 215.000
loading script "jan_unknown400_120.py"
loading script "jan_pump_ms.py"
loading script "jan_co2.py"
loading script "jan_pump_extraction_line.py"
testing...
no interpolation path defined
executed snippet estimated_duration=556.052928, duration=0.000600814819336
script duration name:unknown400_120 seconds:556.0
script duration name:co2 seconds:0.0
Script duration 556.0
Run total estimated duration= 557.000
unknown400_120 in script context. using previous estimated duration
script duration name:unknown400_120 seconds:556.0
loading script "jan_unknown400_120.py"
loading script "jan_pump_ms.py"
loading script "jan_cocktail_x1.py"
loading script "jan_pump_extraction_line.py"
testing...
no interpolation path defined
calculate duration
testing...
no interpolation path defined
executed snippet estimated_duration=0, duration=5.29289245605e-05
calculate duration
testing...
no interpolation path defined
executed snippet estimated_duration=0, duration=0.000120878219604
calculate duration
testing...
no interpolation path defined
executed snippet estimated_duration=32.0, duration=0.000105857849121
calculate duration
testing...
no interpolation path defined
executed snippet estimated_duration=34.0, duration=0.000113964080811
calculate duration
testing...
no interpolation path defined
executed snippet estimated_duration=4.0, duration=6.69956207275e-05
calculate duration
testing...
no interpolation path defined
executed snippet estimated_duration=38.0, duration=0.000180959701538
executed snippet estimated_duration=108.0, duration=0.0165958404541
script duration name:cocktail_x1 seconds:108.0
Script duration 664.0
Run total estimated duration= 665.000
script duration name:unknown120_60 seconds:214.0
script duration name:co2 seconds:0.0
Script duration 214.0
Run total estimated duration= 215.000
script duration name:unknown120_60 seconds:214.0
script duration name:co2 seconds:0.0
Script duration 214.0
Run total estimated duration= 215.000
script duration name:unknown120_60 seconds:214.0
script duration name:co2 seconds:0.0
Script duration 214.0
Run total estimated duration= 215.000
script duration name:unknown120_60 seconds:214.0
script duration name:co2 seconds:0.0
Script duration 214.0
Run total estimated duration= 215.000
script duration name:unknown120_60 seconds:214.0
script duration name:co2 seconds:0.0
Script duration 214.0
Run total estimated duration= 215.000
script duration name:unknown120_60 seconds:214.0
script duration name:co2 seconds:0.0
Script duration 214.0
Run total estimated duration= 215.000
script duration name:unknown400_120 seconds:556.0
loading script "jan_unknown400_120.py"
loading script "jan_pump_ms.py"
loading script "jan_sniffair_x2.py"
loading script "jan_pump_extraction_line.py"
testing...
no interpolation path defined
calculate duration
testing...
no interpolation path defined
executed snippet estimated_duration=0, duration=4.72068786621e-05
calculate duration
testing...
no interpolation path defined
executed snippet estimated_duration=0, duration=0.000120878219604
calculate duration
testing...
no interpolation path defined
executed snippet estimated_duration=32.0, duration=0.000102996826172
calculate duration
testing...
no interpolation path defined
executed snippet estimated_duration=34.0, duration=0.000107049942017
calculate duration
testing...
no interpolation path defined
executed snippet estimated_duration=4.0, duration=6.89029693604e-05
calculate duration
testing...
no interpolation path defined
executed snippet estimated_duration=36.0, duration=0.000110864639282
calculate duration
testing...
no interpolation path defined
executed snippet estimated_duration=34.0, duration=0.000103235244751
calculate duration
testing...
no interpolation path defined
executed snippet estimated_duration=4.0, duration=8.48770141602e-05
calculate duration
testing...
no interpolation path defined
executed snippet estimated_duration=36.0, duration=0.000128984451294
calculate duration
testing...
no interpolation path defined
executed snippet estimated_duration=70.0, duration=0.0001380443573
executed snippet estimated_duration=250.0, duration=0.0486979484558
script duration name:sniffair_x2 seconds:250.0
Script duration 806.0
Run total estimated duration= 807.000
script duration name:unknown120_60 seconds:214.0
script duration name:co2 seconds:0.0
Script duration 214.0
Run total estimated duration= 215.000
script duration name:unknown120_60 seconds:214.0
script duration name:co2 seconds:0.0
Script duration 214.0
Run total estimated duration= 215.000
script duration name:unknown120_60 seconds:214.0
script duration name:co2 seconds:0.0
Script duration 214.0
Run total estimated duration= 215.000
script duration name:unknown120_60 seconds:214.0
script duration name:co2 seconds:0.0
Script duration 214.0
Run total estimated duration= 215.000
script duration name:unknown400_120 seconds:556.0
script duration name:co2 seconds:0.0
Script duration 556.0
Run total estimated duration= 557.000
script duration name:unknown400_120 seconds:556.0
cocktail_x1 in script context. using previous estimated duration
script duration name:cocktail_x1 seconds:108.0
Script duration 664.0
Run total estimated duration= 665.000
script duration name:unknown400_120 seconds:556.0
sniffair_x2 in script context. using previous estimated duration
script duration name:sniffair_x2 seconds:250.0
Script duration 806.0
Run total estimated duration= 807.000
script duration name:unknown400_120 seconds:556.0
script duration name:sniffair_x2 seconds:250.0
Script duration 806.0
Run total estimated duration= 807.000
script duration name:unknown120_60 seconds:214.0
script duration name:co2 seconds:0.0
Script duration 214.0
Run total estimated duration= 215.000
script duration name:unknown120_60 seconds:214.0
script duration name:co2 seconds:0.0
Script duration 214.0
Run total estimated duration= 215.000
script duration name:unknown120_60 seconds:214.0
script duration name:co2 seconds:0.0
Script duration 214.0
Run total estimated duration= 215.000
script duration name:unknown120_60 seconds:214.0
script duration name:co2 seconds:0.0
Script duration 214.0
Run total estimated duration= 215.000
script duration name:unknown120_60 seconds:214.0
script duration name:co2 seconds:0.0
Script duration 214.0
Run total estimated duration= 215.000
script duration name:unknown120_60 seconds:214.0
script duration name:co2 seconds:0.0
Script duration 214.0
Run total estimated duration= 215.000
script duration name:unknown120_60 seconds:214.0
script duration name:co2 seconds:0.0
Script duration 214.0
Run total estimated duration= 215.000
script duration name:unknown120_60 seconds:214.0
script duration name:co2 seconds:0.0
Script duration 214.0
Run total estimated duration= 215.000
script duration name:unknown120_60 seconds:214.0
script duration name:co2 seconds:0.0
Script duration 214.0
Run total estimated duration= 215.000
script duration name:unknown120_60 seconds:214.0
script duration name:co2 seconds:0.0
Script duration 214.0
Run total estimated duration= 215.000
script duration name:unknown400_120 seconds:556.0
script duration name:co2 seconds:0.0
Script duration 556.0
Run total estimated duration= 557.000
script duration name:unknown400_120 seconds:556.0
script duration name:cocktail_x1 seconds:108.0
Script duration 664.0
Run total estimated duration= 665.000
script duration name:unknown400_120 seconds:556.0
script duration name:cocktail_x1 seconds:108.0
Script duration 664.0
Run total estimated duration= 665.000
script duration name:unknown120_60 seconds:214.0
script duration name:co2 seconds:0.0
Script duration 214.0
Run total estimated duration= 215.000
script duration name:unknown120_60 seconds:214.0
script duration name:co2 seconds:0.0
Script duration 214.0
Run total estimated duration= 215.000
script duration name:unknown120_60 seconds:214.0
script duration name:co2 seconds:0.0
Script duration 214.0
Run total estimated duration= 215.000
script duration name:unknown120_60 seconds:214.0
script duration name:co2 seconds:0.0
Script duration 214.0
Run total estimated duration= 215.000
script duration name:unknown400_120 seconds:556.0
script duration name:sniffair_x2 seconds:250.0
Script duration 806.0
Run total estimated duration= 807.000
script duration name:unknown120_60 seconds:214.0
script duration name:co2 seconds:0.0
Script duration 214.0
Run total estimated duration= 215.000
script duration name:unknown120_60 seconds:214.0
script duration name:co2 seconds:0.0
Script duration 214.0
Run total estimated duration= 215.000
script duration name:unknown120_60 seconds:214.0
script duration name:co2 seconds:0.0
Script duration 214.0
Run total estimated duration= 215.000
script duration name:unknown120_60 seconds:214.0
script duration name:co2 seconds:0.0
Script duration 214.0
Run total estimated duration= 215.000
script duration name:unknown120_60 seconds:214.0
script duration name:co2 seconds:0.0
Script duration 214.0
Run total estimated duration= 215.000
script duration name:unknown120_60 seconds:214.0
script duration name:co2 seconds:0.0
Script duration 214.0
Run total estimated duration= 215.000
script duration name:unknown400_120 seconds:556.0
script duration name:co2 seconds:0.0
Script duration 556.0
Run total estimated duration= 557.000
script duration name:unknown400_120 seconds:556.0
script duration name:cocktail_x1 seconds:108.0
Script duration 664.0
Run total estimated duration= 665.000
script duration name:unknown120_60 seconds:214.0
script duration name:co2 seconds:0.0
Script duration 214.0
Run total estimated duration= 215.000
script duration name:unknown120_60 seconds:214.0
script duration name:co2 seconds:0.0
Script duration 214.0
Run total estimated duration= 215.000
script duration name:unknown120_60 seconds:214.0
script duration name:co2 seconds:0.0
Script duration 214.0
Run total estimated duration= 215.000
script duration name:unknown120_60 seconds:214.0
script duration name:co2 seconds:0.0
Script duration 214.0
Run total estimated duration= 215.000
script duration name:unknown120_60 seconds:214.0
script duration name:co2 seconds:0.0
Script duration 214.0
Run total estimated duration= 215.000
script duration name:unknown120_60 seconds:214.0
script duration name:co2 seconds:0.0
Script duration 214.0
Run total estimated duration= 215.000
script duration name:unknown120_60 seconds:214.0
script duration name:co2 seconds:0.0
Script duration 214.0
Run total estimated duration= 215.000
script duration name:unknown120_60 seconds:214.0
script duration name:co2 seconds:0.0
Script duration 214.0
Run total estimated duration= 215.000
script duration name:unknown120_60 seconds:214.0
script duration name:co2 seconds:0.0
Script duration 214.0
Run total estimated duration= 215.000
script duration name:unknown120_60 seconds:214.0
script duration name:co2 seconds:0.0
Script duration 214.0
Run total estimated duration= 215.000
script duration name:unknown400_120 seconds:556.0
script duration name:co2 seconds:0.0
Script duration 556.0
Run total estimated duration= 557.000
script duration name:unknown400_120 seconds:556.0
script duration name:cocktail_x1 seconds:108.0
Script duration 664.0
Run total estimated duration= 665.000
script duration name:unknown120_60 seconds:214.0
script duration name:co2 seconds:0.0
Script duration 214.0
Run total estimated duration= 215.000
script duration name:unknown120_60 seconds:214.0
script duration name:co2 seconds:0.0
Script duration 214.0
Run total estimated duration= 215.000
script duration name:unknown400_120 seconds:556.0
script duration name:sniffair_x2 seconds:250.0
Script duration 806.0
Run total estimated duration= 807.000
script duration name:unknown120_60 seconds:214.0
script duration name:co2 seconds:0.0
Script duration 214.0
Run total estimated duration= 215.000
script duration name:unknown400_120 seconds:556.0
script duration name:sniffair_x2 seconds:250.0
Script duration 806.0
Run total estimated duration= 807.000
script duration name:unknown120_60 seconds:214.0
script duration name:co2 seconds:0.0
Script duration 214.0
Run total estimated duration= 215.000
script duration name:unknown120_60 seconds:214.0
script duration name:co2 seconds:0.0
Script duration 214.0
Run total estimated duration= 215.000
script duration name:unknown120_60 seconds:214.0
script duration name:co2 seconds:0.0
Script duration 214.0
Run total estimated duration= 215.000
script duration name:unknown120_60 seconds:214.0
script duration name:co2 seconds:0.0
Script duration 214.0
Run total estimated duration= 215.000
script duration name:unknown120_60 seconds:214.0
script duration name:co2 seconds:0.0
Script duration 214.0
Run total estimated duration= 215.000
script duration name:unknown120_60 seconds:214.0
script duration name:co2 seconds:0.0
Script duration 214.0
Run total estimated duration= 215.000
script duration name:unknown120_60 seconds:214.0
script duration name:co2 seconds:0.0
Script duration 214.0
Run total estimated duration= 215.000
script duration name:unknown400_120 seconds:556.0
script duration name:co2 seconds:0.0
Script duration 556.0
Run total estimated duration= 557.000
script duration name:unknown400_120 seconds:556.0
script duration name:cocktail_x1 seconds:108.0
Script duration 664.0
Run total estimated duration= 665.000
script duration name:unknown400_120 seconds:556.0
script duration name:cocktail_x1 seconds:108.0
Script duration 664.0
Run total estimated duration= 665.000
script duration name:unknown120_60 seconds:214.0
script duration name:co2 seconds:0.0
Script duration 214.0
Run total estimated duration= 215.000
script duration name:unknown120_60 seconds:214.0
script duration name:co2 seconds:0.0
Script duration 214.0
Run total estimated duration= 215.000
script duration name:unknown120_60 seconds:214.0
script duration name:co2 seconds:0.0
Script duration 214.0
Run total estimated duration= 215.000
script duration name:unknown120_60 seconds:214.0
script duration name:co2 seconds:0.0
Script duration 214.0
Run total estimated duration= 215.000
script duration name:unknown120_60 seconds:214.0
script duration name:co2 seconds:0.0
Script duration 214.0
Run total estimated duration= 215.000
script duration name:unknown120_60 seconds:214.0
script duration name:co2 seconds:0.0
Script duration 214.0
Run total estimated duration= 215.000
script duration name:unknown120_60 seconds:214.0
script duration name:co2 seconds:0.0
Script duration 214.0
Run total estimated duration= 215.000
script duration name:unknown120_60 seconds:214.0
script duration name:co2 seconds:0.0
Script duration 214.0
Run total estimated duration= 215.000
script duration name:unknown120_60 seconds:214.0
script duration name:co2 seconds:0.0
Script duration 214.0
Run total estimated duration= 215.000
script duration name:unknown120_60 seconds:214.0
script duration name:co2 seconds:0.0
Script duration 214.0
Run total estimated duration= 215.000
script duration name:unknown400_120 seconds:556.0
script duration name:co2 seconds:0.0
Script duration 556.0
Run total estimated duration= 557.000
script duration name:unknown400_120 seconds:556.0
script duration name:cocktail_x1 seconds:108.0
Script duration 664.0
Run total estimated duration= 665.000
script duration name:unknown400_120 seconds:556.0
script duration name:sniffair_x2 seconds:250.0
Script duration 806.0
Run total estimated duration= 807.000
script duration name:unknown120_60 seconds:214.0
script duration name:co2 seconds:0.0
Script duration 214.0
Run total estimated duration= 215.000
script duration name:unknown120_60 seconds:214.0
script duration name:co2 seconds:0.0
Script duration 214.0
Run total estimated duration= 215.000
script duration name:unknown120_60 seconds:214.0
script duration name:co2 seconds:0.0
Script duration 214.0
Run total estimated duration= 215.000
script duration name:unknown120_60 seconds:214.0
script duration name:co2 seconds:0.0
Script duration 214.0
Run total estimated duration= 215.000
script duration name:unknown120_60 seconds:214.0
script duration name:co2 seconds:0.0
Script duration 214.0
Run total estimated duration= 215.000
script duration name:unknown120_60 seconds:214.0
script duration name:co2 seconds:0.0
Script duration 214.0
Run total estimated duration= 215.000
script duration name:unknown120_60 seconds:214.0
script duration name:co2 seconds:0.0
Script duration 214.0
Run total estimated duration= 215.000
script duration name:unknown120_60 seconds:214.0
script duration name:co2 seconds:0.0
Script duration 214.0
Run total estimated duration= 215.000
script duration name:unknown120_60 seconds:214.0
script duration name:co2 seconds:0.0
Script duration 214.0
Run total estimated duration= 215.000
script duration name:unknown120_60 seconds:214.0
script duration name:co2 seconds:0.0
Script duration 214.0
Run total estimated duration= 215.000
script duration name:unknown400_120 seconds:556.0
script duration name:co2 seconds:0.0
Script duration 556.0
Run total estimated duration= 557.000
script duration name:unknown400_120 seconds:556.0
script duration name:cocktail_x1 seconds:108.0
Script duration 664.0
Run total estimated duration= 665.000
script duration name:unknown120_60 seconds:214.0
script duration name:co2 seconds:0.0
Script duration 214.0
Run total estimated duration= 215.000
script duration name:unknown120_60 seconds:214.0
script duration name:co2 seconds:0.0
Script duration 214.0
Run total estimated duration= 215.000
script duration name:unknown120_60 seconds:214.0
script duration name:co2 seconds:0.0
Script duration 214.0
Run total estimated duration= 215.000
script duration name:unknown120_60 seconds:214.0
script duration name:co2 seconds:0.0
Script duration 214.0
Run total estimated duration= 215.000
script duration name:unknown120_60 seconds:214.0
script duration name:co2 seconds:0.0
Script duration 214.0
Run total estimated duration= 215.000
script duration name:unknown120_60 seconds:214.0
script duration name:co2 seconds:0.0
Script duration 214.0
Run total estimated duration= 215.000
script duration name:unknown120_60 seconds:214.0
script duration name:co2 seconds:0.0
Script duration 214.0
Run total estimated duration= 215.000
script duration name:unknown120_60 seconds:214.0
script duration name:co2 seconds:0.0
Script duration 214.0
Run total estimated duration= 215.000
script duration name:unknown400_120 seconds:556.0
script duration name:sniffair_x2 seconds:250.0
Script duration 806.0
Run total estimated duration= 807.000
script duration name:unknown400_120 seconds:556.0
script duration name:sniffair_x2 seconds:250.0
Script duration 806.0
Run total estimated duration= 807.000
script duration name:unknown120_60 seconds:214.0
script duration name:co2 seconds:0.0
Script duration 214.0
Run total estimated duration= 215.000
script duration name:unknown120_60 seconds:214.0
script duration name:co2 seconds:0.0
Script duration 214.0
Run total estimated duration= 215.000
script duration name:unknown400_120 seconds:556.0
script duration name:co2 seconds:0.0
Script duration 556.0
Run total estimated duration= 557.000
script duration name:unknown400_120 seconds:556.0
script duration name:cocktail_x1 seconds:108.0
Script duration 664.0
Run total estimated duration= 665.000
script duration name:unknown120_60 seconds:214.0
script duration name:co2 seconds:0.0
Script duration 214.0
Run total estimated duration= 215.000
script duration name:unknown120_60 seconds:214.0
script duration name:co2 seconds:0.0
Script duration 214.0
Run total estimated duration= 215.000
script duration name:unknown120_60 seconds:214.0
script duration name:co2 seconds:0.0
Script duration 214.0
Run total estimated duration= 215.000
script duration name:unknown120_60 seconds:214.0
script duration name:co2 seconds:0.0
Script duration 214.0
Run total estimated duration= 215.000
script duration name:unknown120_60 seconds:214.0
script duration name:co2 seconds:0.0
Script duration 214.0
Run total estimated duration= 215.000
script duration name:unknown120_60 seconds:214.0
script duration name:co2 seconds:0.0
Script duration 214.0
Run total estimated duration= 215.000
script duration name:unknown120_60 seconds:214.0
script duration name:co2 seconds:0.0
Script duration 214.0
Run total estimated duration= 215.000
script duration name:unknown120_60 seconds:214.0
script duration name:co2 seconds:0.0
Script duration 214.0
Run total estimated duration= 215.000
script duration name:unknown120_60 seconds:214.0
script duration name:co2 seconds:0.0
Script duration 214.0
Run total estimated duration= 215.000
script duration name:unknown120_60 seconds:214.0
script duration name:co2 seconds:0.0
Script duration 214.0
Run total estimated duration= 215.000
script duration name:unknown400_120 seconds:556.0
script duration name:co2 seconds:0.0
Script duration 556.0
Run total estimated duration= 557.000
script duration name:unknown400_120 seconds:556.0
script duration name:cocktail_x1 seconds:108.0
Script duration 664.0
Run total estimated duration= 665.000
script duration name:unknown400_120 seconds:556.0
script duration name:cocktail_x1 seconds:108.0
Script duration 664.0
Run total estimated duration= 665.000
script duration name:unknown120_60 seconds:214.0
script duration name:co2 seconds:0.0
Script duration 214.0
Run total estimated duration= 215.000
script duration name:unknown120_60 seconds:214.0
script duration name:co2 seconds:0.0
Script duration 214.0
Run total estimated duration= 215.000
script duration name:unknown120_60 seconds:214.0
script duration name:co2 seconds:0.0
Script duration 214.0
Run total estimated duration= 215.000
script duration name:unknown120_60 seconds:214.0
script duration name:co2 seconds:0.0
Script duration 214.0
Run total estimated duration= 215.000
script duration name:unknown120_60 seconds:214.0
script duration name:co2 seconds:0.0
Script duration 214.0
Run total estimated duration= 215.000
script duration name:unknown120_60 seconds:214.0
script duration name:co2 seconds:0.0
Script duration 214.0
Run total estimated duration= 215.000
script duration name:unknown400_120 seconds:556.0
script duration name:sniffair_x2 seconds:250.0
Script duration 806.0
Run total estimated duration= 807.000
script duration name:unknown120_60 seconds:214.0
script duration name:co2 seconds:0.0
Script duration 214.0
Run total estimated duration= 215.000
script duration name:unknown120_60 seconds:214.0
script duration name:co2 seconds:0.0
Script duration 214.0
Run total estimated duration= 215.000
script duration name:unknown120_60 seconds:214.0
script duration name:co2 seconds:0.0
Script duration 214.0
Run total estimated duration= 215.000
script duration name:unknown120_60 seconds:214.0
script duration name:co2 seconds:0.0
Script duration 214.0
Run total estimated duration= 215.000
script duration name:unknown400_120 seconds:556.0
script duration name:co2 seconds:0.0
Script duration 556.0
Run total estimated duration= 557.000
script duration name:unknown400_120 seconds:556.0
script duration name:cocktail_x1 seconds:108.0
Script duration 664.0
Run total estimated duration= 665.000
script duration name:unknown120_60 seconds:214.0
script duration name:co2 seconds:0.0
Script duration 214.0
Run total estimated duration= 215.000
script duration name:unknown120_60 seconds:214.0
script duration name:co2 seconds:0.0
Script duration 214.0
Run total estimated duration= 215.000
script duration name:unknown120_60 seconds:214.0
script duration name:co2 seconds:0.0
Script duration 214.0
Run total estimated duration= 215.000
script duration name:unknown120_60 seconds:214.0
script duration name:co2 seconds:0.0
Script duration 214.0
Run total estimated duration= 215.000
script duration name:unknown120_60 seconds:214.0
script duration name:co2 seconds:0.0
Script duration 214.0
Run total estimated duration= 215.000
script duration name:unknown120_60 seconds:214.0
script duration name:co2 seconds:0.0
Script duration 214.0
Run total estimated duration= 215.000
script duration name:unknown120_60 seconds:214.0
script duration name:co2 seconds:0.0
Script duration 214.0
Run total estimated duration= 215.000
script duration name:unknown120_60 seconds:214.0
script duration name:co2 seconds:0.0
Script duration 214.0
Run total estimated duration= 215.000
script duration name:unknown120_60 seconds:214.0
script duration name:co2 seconds:0.0
Script duration 214.0
Run total estimated duration= 215.000
script duration name:unknown120_60 seconds:214.0
script duration name:co2 seconds:0.0
Script duration 214.0
Run total estimated duration= 215.000
script duration name:unknown400_120 seconds:556.0
script duration name:co2 seconds:0.0
Script duration 556.0
Run total estimated duration= 557.000
script duration name:unknown400_120 seconds:556.0
script duration name:cocktail_x1 seconds:108.0
Script duration 664.0
Run total estimated duration= 665.000
script duration name:unknown120_60 seconds:214.0
script duration name:co2 seconds:0.0
Script duration 214.0
Run total estimated duration= 215.000
script duration name:unknown120_60 seconds:214.0
script duration name:co2 seconds:0.0
Script duration 214.0
Run total estimated duration= 215.000
script duration name:unknown120_60 seconds:214.0
script duration name:co2 seconds:0.0
Script duration 214.0
Run total estimated duration= 215.000
script duration name:unknown120_60 seconds:214.0
script duration name:co2 seconds:0.0
Script duration 214.0
Run total estimated duration= 215.000
script duration name:unknown400_120 seconds:556.0
script duration name:sniffair_x2 seconds:250.0
Script duration 806.0
Run total estimated duration= 807.000
script duration name:unknown120_60 seconds:214.0
script duration name:co2 seconds:0.0
Script duration 214.0
Run total estimated duration= 215.000
script duration name:unknown120_60 seconds:214.0
script duration name:co2 seconds:0.0
Script duration 214.0
Run total estimated duration= 215.000
script duration name:unknown120_60 seconds:214.0
script duration name:co2 seconds:0.0
Script duration 214.0
Run total estimated duration= 215.000
script duration name:unknown120_60 seconds:214.0
script duration name:co2 seconds:0.0
Script duration 214.0
Run total estimated duration= 215.000
script duration name:unknown120_60 seconds:214.0
script duration name:co2 seconds:0.0
Script duration 214.0
Run total estimated duration= 215.000
script duration name:unknown120_60 seconds:214.0
script duration name:co2 seconds:0.0
Script duration 214.0
Run total estimated duration= 215.000
script duration name:unknown400_120 seconds:556.0
script duration name:co2 seconds:0.0
Script duration 556.0
Run total estimated duration= 557.000
script duration name:unknown400_120 seconds:556.0
script duration name:cocktail_x1 seconds:108.0
Script duration 664.0
Run total estimated duration= 665.000
script duration name:unknown120_60 seconds:214.0
script duration name:co2 seconds:0.0
Script duration 214.0
Run total estimated duration= 215.000
script duration name:unknown120_60 seconds:214.0
script duration name:co2 seconds:0.0
Script duration 214.0
Run total estimated duration= 215.000
script duration name:unknown120_60 seconds:214.0
script duration name:co2 seconds:0.0
Script duration 214.0
Run total estimated duration= 215.000
script duration name:unknown120_60 seconds:214.0
script duration name:co2 seconds:0.0
Script duration 214.0
Run total estimated duration= 215.000
script duration name:unknown120_60 seconds:214.0
script duration name:co2 seconds:0.0
Script duration 214.0
Run total estimated duration= 215.000
script duration name:unknown120_60 seconds:214.0
script duration name:co2 seconds:0.0
Script duration 214.0
Run total estimated duration= 215.000
script duration name:unknown120_60 seconds:214.0
script duration name:co2 seconds:0.0
Script duration 214.0
Run total estimated duration= 215.000
script duration name:unknown120_60 seconds:214.0
script duration name:co2 seconds:0.0
Script duration 214.0
Run total estimated duration= 215.000
script duration name:unknown120_60 seconds:214.0
script duration name:co2 seconds:0.0
Script duration 214.0
Run total estimated duration= 215.000
script duration name:unknown120_60 seconds:214.0
script duration name:co2 seconds:0.0
Script duration 214.0
Run total estimated duration= 215.000
script duration name:unknown400_120 seconds:556.0
script duration name:co2 seconds:0.0
Script duration 556.0
Run total estimated duration= 557.000
script duration name:unknown400_120 seconds:556.0
script duration name:cocktail_x1 seconds:108.0
Script duration 664.0
Run total estimated duration= 665.000
script duration name:unknown400_120 seconds:556.0
script duration name:cocktail_x1 seconds:108.0
Script duration 664.0
Run total estimated duration= 665.000
script duration name:unknown120_60 seconds:214.0
script duration name:co2 seconds:0.0
Script duration 214.0
Run total estimated duration= 215.000
script duration name:unknown400_120 seconds:556.0
script duration name:sniffair_x2 seconds:250.0
Script duration 806.0
Run total estimated duration= 807.000
script duration name:unknown400_120 seconds:556.0
script duration name:cocktail_x1 seconds:108.0
Script duration 664.0
Run total estimated duration= 665.000
script duration name:unknown400_120 seconds:556.0
script duration name:cocktail_x1 seconds:108.0
Script duration 664.0
Run total estimated duration= 665.000
script duration name:unknown400_120 seconds:556.0
script duration name:cocktail_x1 seconds:108.0
Script duration 664.0
Run total estimated duration= 665.000
nruns=183 before=5.0, run_dur=60687.0, btw=8190.0
write rem/ex queues
/Users/jan/PychronDev/experiments/rem/CurrentExperiment.rem.txt
/Users/jan/PychronDev/experiments/rem/CurrentExperiment.ex.txt
doing event level: 3
