do run
loading script "jan_unknown120_60.py"
loading script "jan_pump_ms.py"
loading script "jan_co2.py"
loading script "jan_pump_extraction_line.py"
testing...
no interpolation path defined
executed snippet estimated_duration=213.652928, duration=0.000195980072021
script duration name:unknown120_60 seconds:214.0
loading script "jan_unknown120_60.py"
loading script "jan_pump_ms.py"
loading script "jan_co2.py"
loading script "jan_pump_extraction_line.py"
testing...
no interpolation path defined
executed snippet estimated_duration=0, duration=1.8835067749e-05
loading script "jan_unknown120_60.py"
loading script "jan_pump_ms.py"
loading script "jan_co2.py"
loading script "jan_pump_extraction_line.py"
testing...
no interpolation path defined
calculate duration
testing...
no interpolation path defined
executed snippet estimated_duration=0, duration=4.31537628174e-05
calculate duration
testing...
no interpolation path defined
executed snippet estimated_duration=0, duration=8.89301300049e-05
executed snippet estimated_duration=0.0, duration=0.00214290618896
script duration name:co2 seconds:0.0
loading script "jan_unknown120_60.py"
loading script "jan_pump_ms.py"
loading script "jan_co2.py"
loading script "jan_pump_extraction_line.py"
testing...
no interpolation path defined
calculate duration
testing...
no interpolation path defined
executed snippet estimated_duration=4.0, duration=0.000136137008667
executed snippet estimated_duration=4.0, duration=0.00109004974365
Script duration 214.0
Run total estimated duration= 215.000
run duration: 0:03:35
doing event level: 2
00:28:57 -- Setting default integration. t=1.048576
setting integration time = 1.048576
SetIntegrationTime 1.048576 ===>> OK
----------------- start -----------------
**************** Experiment Type: Ar/Ar, Ar/Ar
create new session 4942566512
close session 4942566512
$$$$$ Clearing conditionals
adding conditionals 
Add queue conditionals
add default conditionals
adding default conditionals from /Users/jan/PychronDev/setupfiles/spectrometer/default_conditionals.yaml
Start automated run 65619-14
loading script "jan_unknown120_60.py"
loading script "jan_pump_ms.py"
loading script "jan_co2.py"
loading script "jan_pump_extraction_line.py"
%%%%%%%%%%%%%%%%%% setting automated run 65619-14
No value "sensitivity_multiplier" in metadata
$$$$$$$$$$$$$$$ auto_save_detector_ic=False
============================= Pre Extraction Check =============================
loading queue conditionals pre_run_terminations
loading system conditionals pre_run_terminations
loading conditionals from /Users/jan/PychronDev/setupfiles/spectrometer/default_conditionals.yaml
00:28:57 -- ******* Pre Extraction Check *******
Get a measurement from the spectrometer
Pre Extraction Termination data. keys=H2,H1,AX,L1,L2,CDD, signals=-0.21780,0.09282,-0.09631,-0.02692,0.06418,0.00256
00:28:57 -- testing system defined conditionals
Checking default pre extraction terminations n=2
testing CDD
evaluate ot="CDD.inactive" t="CDD", ctx="{'CDD': False}"
GetDeflection CDD ===>> 50
testing CDD==2000
evaluate ot="CDD.deflection==2000" t="CDD==2000", ctx="{'CDD': 50.0}"
00:28:57 -- ******* Pre Extraction Check Passed *******
=================================================================================
00:28:57 -- stopping status monitor
stop 4938940240
Status monitor stopped
Status monitor finished
00:28:58 -- starting status monitor
start 4938940240
StatusMonitor period=1. Frequencies(state=2, checksum=3, lock=5, owner=5)
start extraction
do extraction
Analysis started at 00:29:00.328822
Extraction Started jan_co2.py
00:29:00 -- ******* Extraction Started jan_co2.py *******
state changed from not run to extraction
DO EXTRACTION <pychron.extraction_line.pyscript_runner.RemotePyScriptRunner object at 0x129529590>
testing...
no interpolation path defined
calculate duration
testing...
no interpolation path defined
executed snippet estimated_duration=0, duration=4.60147857666e-05
calculate duration
testing...
no interpolation path defined
executed snippet estimated_duration=0, duration=8.9168548584e-05
executed snippet estimated_duration=100.0, duration=0.00227308273315
Jan CO2 laser analysis
doing GOSUB
testing...
no interpolation path defined
executed snippet estimated_duration=0, duration=4.19616699219e-05
Waiting for CO2 access
wait ('FelixCO2Flag', 0) {}
waiting for FelixCO2Flag = 0
Read FelixCO2Flag ===>> 0
finished waiting
CO2 free
wait ('CO2PumpTimeFlag', 0) {}
waiting for CO2PumpTimeFlag = 0
Read CO2PumpTimeFlag ===>> 0
finished waiting
acquire ('JanCO2Flag',) {'clear': True}
acquire JanCO2Flag
Set JanCO2Flag 1 ===>> OK
JanCO2Flag acquired
set extraction state False (0.75, 'red', 1.5)
CO2 acquired
executed snippet estimated_duration=0, duration=0.0175030231476
WaitForCO2Access.py completed successfully
gosub finished
doing GOSUB
testing...
no interpolation path defined
executed snippet estimated_duration=0, duration=9.79900360107e-05
Prepare for CO2 analysis
close () {'description': 'Jan Inlet'}
close name=--- desc=Jan Inlet
checking ownership. requestor=129.138.12.150
check software interlocks R
interlocks []
actuate state mode=None-script, software_lock=False
doing actuation None-script close_channel False
Close R ===>> OK
GetIndicatorState R ===>> False
change switch state (True, True)
update switch state R False args=() kw={} ncanvase=3
00:29:00 -- CLOSE  VALVE-R (Jan Inlet)
-------------------------- close None (Jan Inlet) result=[(True, True)]
action=close, ok=True, locked=[False]
open () {'description': 'Jan Ion Pump'}
open name=--- desc=Jan Ion Pump
checking ownership. requestor=129.138.12.150
check software interlocks O
interlocks []
actuate state mode=None-script, software_lock=False
doing actuation None-script open_channel False
Open O ===>> OK
GetIndicatorState O ===>> OK
change switch state (True, True)
update switch state O True args=() kw={} ncanvase=3
00:29:01 -- OPEN   VALVE-O (Jan Ion Pump)
-------------------------- open None (Jan Ion Pump) result=[(True, True)]
action=open, ok=True, locked=[False]
close () {'description': 'Microbone to Minibone'}
close name=--- desc=Microbone to Minibone
checking ownership. requestor=129.138.12.150
check software interlocks L
interlocks []
actuate state mode=None-script, software_lock=False
doing actuation None-script close_channel False
Close L ===>> OK
GetIndicatorState L ===>> False
change switch state (True, True)
update switch state L False args=() kw={} ncanvase=3
00:29:01 -- CLOSE  VALVE-L (Microbone to Minibone)
-------------------------- close None (Microbone to Minibone) result=[(True, True)]
action=close, ok=True, locked=[False]
open () {'description': 'Microbone to Turbo'}
open name=--- desc=Microbone to Turbo
checking ownership. requestor=129.138.12.150
check software interlocks U
interlocks []
actuate state mode=None-script, software_lock=False
doing actuation None-script open_channel False
Open U ===>> OK
GetIndicatorState U ===>> OK
change switch state (True, True)
update switch state U True args=() kw={} ncanvase=3
00:29:02 -- OPEN   VALVE-U (Microbone to Turbo)
-------------------------- open None (Microbone to Turbo) result=[(True, True)]
action=open, ok=True, locked=[False]
open () {'description': 'Microbone to Inlet Pipette'}
open name=--- desc=Microbone to Inlet Pipette
checking ownership. requestor=129.138.12.150
check software interlocks S
interlocks []
actuate state mode=None-script, software_lock=False
doing actuation None-script open_channel False
Open S ===>> OK
GetIndicatorState S ===>> OK
change switch state (True, True)
update switch state S True args=() kw={} ncanvase=3
00:29:02 -- OPEN   VALVE-S (Microbone to Inlet Pipette)
-------------------------- open None (Microbone to Inlet Pipette) result=[(True, True)]
action=open, ok=True, locked=[False]
open () {'description': 'Microbone to Getter D-50'}
open name=--- desc=Microbone to Getter D-50
checking ownership. requestor=129.138.12.150
check software interlocks K
interlocks []
actuate state mode=None-script, software_lock=False
doing actuation None-script open_channel False
Open K ===>> OK
GetIndicatorState K ===>> OK
change switch state (True, True)
update switch state K True args=() kw={} ncanvase=3
00:29:03 -- OPEN   VALVE-K (Microbone to Getter D-50)
-------------------------- open None (Microbone to Getter D-50) result=[(True, True)]
action=open, ok=True, locked=[False]
open () {'description': 'Microbone to Getter NP-10'}
open name=--- desc=Microbone to Getter NP-10
checking ownership. requestor=129.138.12.150
check software interlocks M
interlocks []
actuate state mode=None-script, software_lock=False
doing actuation None-script open_channel False
Open M ===>> OK
GetIndicatorState M ===>> OK
change switch state (True, True)
update switch state M True args=() kw={} ncanvase=3
00:29:03 -- OPEN   VALVE-M (Microbone to Getter NP-10)
-------------------------- open None (Microbone to Getter NP-10) result=[(True, True)]
action=open, ok=True, locked=[False]
close () {'description': 'CO2 Laser to Felix'}
close name=--- desc=CO2 Laser to Felix
checking ownership. requestor=129.138.12.150
check software interlocks F
interlocks []
actuate state mode=None-script, software_lock=True
VALVE-F(CO2 Laser to Felix) software locked
change switch state (True, False)
-------------------------- close None (CO2 Laser to Felix) result=[(True, False)]
action=close, ok=True, locked=[True]
open () {'description': 'CO2 Laser to Jan'}
open name=--- desc=CO2 Laser to Jan
checking ownership. requestor=129.138.12.150
check software interlocks A
interlocks []
actuate state mode=None-script, software_lock=False
doing actuation None-script open_channel False
Open A ===>> OK
GetIndicatorState A ===>> OK
change switch state (True, True)
update switch state A True args=() kw={} ncanvase=3
00:29:04 -- OPEN   VALVE-A (CO2 Laser to Jan)
-------------------------- open None (CO2 Laser to Jan) result=[(True, True)]
action=open, ok=True, locked=[False]
open () {'description': 'Microbone to CO2 Laser'}
open name=--- desc=Microbone to CO2 Laser
checking ownership. requestor=129.138.12.150
check software interlocks T
interlocks []
actuate state mode=None-script, software_lock=False
doing actuation None-script open_channel False
Open T ===>> OK
GetIndicatorState T ===>> OK
change switch state (True, True)
update switch state T True args=() kw={} ncanvase=3
00:29:05 -- OPEN   VALVE-T (Microbone to CO2 Laser)
-------------------------- open None (Microbone to CO2 Laser) result=[(True, True)]
action=open, ok=True, locked=[False]
executed snippet estimated_duration=0, duration=4.95061612129
PrepareForCO2Analysis.py completed successfully
gosub finished
set_motor ('beam', '1.0') {}
setting motor "beam" to 1.0
set motor beam to 1.0
SetMotor beam,1.0 ===>> OK
GetMotorMoving beam ===>> False
GetMotorMoving beam ===>> False
Block completed
move_to_position ('141',) {'autocenter': True}
FusionsCO2 move to position 141
sending GoToHole 141,True
GoToHole 141,True ===>> OK
GetDriveMoving ===>> OK
GetDriveMoving ===>> OK
GetDriveMoving ===>> OK
GetDriveMoving ===>> OK
GetDriveMoving ===>> OK
GetDriveMoving ===>> OK
GetDriveMoving ===>> False
GetDriveMoving ===>> OK
GetDriveMoving ===>> OK
GetDriveMoving ===>> OK
GetDriveMoving ===>> OK
GetDriveMoving ===>> OK
GetDriveMoving ===>> OK
GetDriveMoving ===>> False
Block completed
GetAutoCorrecting ===>> False
GetAutoCorrecting ===>> False
Block completed
update position
GetPosition ===>> -7.97560,-3.98780,1.00000
got position (-7.9756, -3.9878, 1.0)
move to position succeeded
sleep (5,) {}
SLEEP 5.0
block started
WaitControl setup for 5.0  
Join finished
block finished. duration 5.0261900425
close () {'description': 'Microbone to Turbo'}
close name=--- desc=Microbone to Turbo
checking ownership. requestor=129.138.12.150
check software interlocks U
interlocks []
actuate state mode=None-script, software_lock=False
doing actuation None-script close_channel True
Close U ===>> OK
GetIndicatorState U ===>> False
change switch state (True, True)
update switch state U False args=() kw={} ncanvase=3
00:29:16 -- CLOSE  VALVE-U (Microbone to Turbo)
-------------------------- close None (Microbone to Turbo) result=[(True, True)]
action=close, ok=True, locked=[False]
enable laser
enable () {}
set extraction state FusionsCO2 Enabled (False, 'red', 1.5)
enabling laser
Enable ===>> OK
begin interval
BEGIN INTERVAL Interval 1 waiting for 30.0
block started
set extract to 5.0
WaitControl setup for 30.0  
extract (5.0,) {}
GetPosition ===>> -7.97560,-3.98780,1.00000
set extraction state FusionsCO2 ON! 5.0(watts) (0.75, 'red', 1.5)
extract sample to 5.0 (watts)
set laser output
SetLaserOutput 5.0,watts ===>> OK
executing pattern triangle.lp
execute_pattern ('triangle.lp',) {}
executing pattern triangle.lp
IsPatterning ===>> OK
IsPatterning ===>> OK
IsPatterning ===>> OK
IsPatterning ===>> OK
IsPatterning ===>> OK
IsPatterning ===>> OK
IsPatterning ===>> OK
IsPatterning ===>> OK
IsPatterning ===>> OK
IsPatterning ===>> OK
IsPatterning ===>> OK
IsPatterning ===>> OK
IsPatterning ===>> OK
IsPatterning ===>> OK
IsPatterning ===>> OK
IsPatterning ===>> OK
IsPatterning ===>> OK
IsPatterning ===>> OK
IsPatterning ===>> OK
IsPatterning ===>> OK
IsPatterning ===>> OK
IsPatterning ===>> OK
IsPatterning ===>> OK
IsPatterning ===>> OK
IsPatterning ===>> OK
IsPatterning ===>> OK
IsPatterning ===>> False
IsPatterning ===>> False
Block completed
COMPLETE INTERVAL waiting for Interval 1 to complete
Join finished
block finished. duration 30.090857029
Interval 1 finished
end_extract () {}
ending extraction. set laser power to 0
set laser power 0
SetLaserPower 0 ===>> OK
disable () {}
%%%%%%%%%%%%%%%%%%%%%%%%%%%%%%%%%%% disable
set extraction state False (0.75, 'red', 1.5)
disabling laser
Disable ===>> OK
sleep (30.0,) {}
SLEEP 30.0
block started
WaitControl setup for 30.0  
Join finished
block finished. duration 30.0894739628
executed snippet estimated_duration=166.5, duration=77.8028459549
jan_co2.py completed successfully
GetAchievedOutput ===>> No Response
Requested Output= 0.000
Achieved Output=  0.000
GetResponseBlob ===>> No Response
GetOutputBlob ===>> No Response
persistence save...
persistence save - db
AutomatedRunPersister post_extraction_save deprecated
persistence save - dvc
no extraction position for 141
Extraction Finished
00:30:18 -- ******* Extraction Finished *******
no overlap. not waiting for min ms pumptime
00:30:18 -- Sending spectrometer configuration
======== Sending configuration ========
SetDeflection CDD,50.0 ===>> OK
SetDeflection H2,0.0 ===>> OK
SetDeflection H1,0.0 ===>> OK
SetDeflection L2,825.0 ===>> OK
SetDeflection L1,400.0 ===>> OK
SetDeflection AX,190.0 ===>> OK
SetZFocus 74.64 ===>> OK
SetZSymmetry -50.72 ===>> OK
SetExtractionLens 26.13 ===>> OK
SetIonRepeller -3.81 ===>> OK
SetElectronEnergy 75.08 ===>> OK
SetYSymmetry -2.81 ===>> OK
SetIonCounterVoltage 1590.0 ===>> OK
send trap current 200.0
GetParameter Trap Current Readback ===>> 198.482695477019
SetParameter Trap Current Set,200.0 ===>> OK
updating mftable name mftable
Using mftable located at /Users/jan/PychronDev/setupfiles/spectrometer/mftables/mftable.csv
============ MFtable ===========
Isotope  H2     H1     AX     L1     L2     CDD    
Ar40     5.8252 5.8788 5.9919 6.1651 6.2305 6.3933
Ar39     5.7244 5.7711 5.8843 6.0511 6.1156 6.2798
Ar36     5.4019 5.4401 5.5477 5.7100 5.7706 5.9309
================================
get initial guess parabolic
get initial guess parabolic
get initial guess parabolic
get initial guess parabolic
get initial guess parabolic
get initial guess parabolic
======== Configuration Finished ========
GetYSymmetry ===>> -2.81
GetZSymmetry ===>> -50.72
GetParameter Trap Current Readback ===>> 198.594579747299
GetHighVoltage ===>> 4499.94659342336
start measurement
do measurement
L#=65619 analysis type=unknown
Measurement Started jan_unknown120_60.py
00:30:18 -- ******* Measurement Started jan_unknown120_60.py *******
state changed from extraction to measurement
setting trap, emission, spec, defl, and gains
GetExtractionLens ===>> 26.13
GetYSymmetry ===>> -2.81
GetZSymmetry ===>> -50.72
GetZFocus ===>> 74.64
GetDeflection H2 ===>> 0
GetDeflection H1 ===>> 0
GetDeflection AX ===>> 190
GetDeflection L1 ===>> 400
GetDeflection L2 ===>> 825
GetDeflection CDD ===>> 50
GetGain H2 ===>> 0.0113
GetGain H1 ===>> 0.1
GetGain AX ===>> 0.09675
GetGain L1 ===>> 0.010355
GetGain L2 ===>> 0.095649
GetGain CDD ===>> 0
GetParameter Trap Current Readback ===>> 198.258926936459
GetParameter Source Current Readback ===>> 553.02313373619
pre measurement save
New frame /Users/jan/PychronDev/data/isotopes/6b/762b89-2f92-46cb-8790-86a5311e8e84.h5
flush and close file /Users/jan/PychronDev/data/isotopes/6b/762b89-2f92-46cb-8790-86a5311e8e84.h5
testing...
no interpolation path defined
executed snippet estimated_duration=226.132928, duration=0.000308036804199
unknown measurement script
activate_detectors ('H2', 'H1', 'AX', 'L1', 'L2', 'CDD') {}
activate detectors
*************** Set Analysis View Ar/Ar
create graphs
clearing graphs
clear isotope group
setting isotope det=H2, iso=Ar41
setting isotope det=H1, iso=Ar40
setting isotope det=AX, iso=Ar39
setting isotope det=L1, iso=Ar38
setting isotope det=L2, iso=Ar37
setting isotope det=CDD, iso=Ar36
setting previous blanks
 - setting Ar41 blank 0.033+/-0.006
 - setting Ar40 blank 0.229+/-0.008
 - setting Ar36 blank 0.00474+/-0.00018
 - setting Ar37 blank 0.061+/-0.005
 - setting Ar38 blank 0.0169+/-0.0021
 - setting Ar39 blank 0.015+/-0.009
load analysis view
position_magnet ('Ar40',) {'detector': 'H1'}
detector Detector(H1)
POSITION Ar40 H1
setting detector H2 to Ar41 (40.9624)
setting detector H1 to Ar40 (39.9624)
setting detector AX to Ar39 (38.9624)
setting detector L1 to Ar38 (37.9624)
setting detector L2 to Ar37 (36.9624)
setting detector CDD to Ar36 (35.9624)
Mapping mass to dac mass func: "parabolic"
H1 map mass coeffs = [-0.00063987  0.15840543  0.57041999]
H1 map mass to dac 39.9624 >> 5.87881
GetDeflection H1 ===>> 0
GetHighVoltage ===>> 4499.94659342336
positioning Ar40 (5.87877538024) on H1
setting magnet DAC
current  : 5.878775
requested: 5.878775
Delta Dac: 0.000000
Checking detector protection. dv=0.00000
Checking detector "CDD". Protection Threshold: 0.8 (V)
SetMagnetDAC 5.87877538024 ===>> OK
Magnet settling time: 0.500 0.500
Magnet settling complete
set_dac. change=True
update labels <pychron.experiment.plot_panel.PlotPanel object at 0x1b5f4ff50>
update labels "<pychron.graph.stacked_regression_graph.StackedRegressionGraph object at 0x1b2a54cb0>"
setting label 0 H2 Ar41
setting label 1 H1 Ar40
setting label 2 AX Ar39
setting label 3 L1 Ar38
setting label 4 L2 Ar37
setting label 5 CDD Ar36
update labels "<pychron.graph.stacked_graph.StackedGraph object at 0x1b2a54470>"
setting label 0 H2 Ar41
setting label 1 H1 Ar40
setting label 2 AX Ar39
setting label 3 L1 Ar38
setting label 4 L2 Ar37
setting label 5 CDD Ar36
equilibrate () {'delay': 3, 'inlet': 'R', 'outlet': 'O', 'eqtime': 12.0}
Equilibration Started
00:30:21 -- ******* Equilibration Started *******
checking ownership. requestor=129.138.12.150
check software interlocks O
interlocks []
actuate state mode=None-script, software_lock=False
doing actuation None-script close_channel True
Close O ===>> OK
GetIndicatorState O ===>> False
change switch state (True, True)
update switch state O False args=() kw={} ncanvase=3
00:30:21 -- CLOSE  VALVE-O (Jan Ion Pump)
waiting 3s before opening inlet value ('R',)
checking ownership. requestor=129.138.12.150
check software interlocks R
interlocks []
actuate state mode=None-script, software_lock=False
doing actuation None-script open_channel True
Open R ===>> OK
GetIndicatorState R ===>> OK
change switch state (True, True)
update switch state R True args=() kw={} ncanvase=3
00:30:25 -- OPEN   VALVE-R (Jan Inlet)
set_time_zero () {}
sniff (12.0,) {}
py_sniff
equilibrating for 12.0sec
build tables- sniff [Detector(H2), Detector(H1), Detector(AX), Detector(L1), Detector(L2), Detector(CDD)]
add group /sniff/Ar41 (Group) '' table H2
add group /sniff/Ar40 (Group) '' table H1
add group /sniff/Ar39 (Group) '' table AX
add group /sniff/Ar38 (Group) '' table L1
add group /sniff/Ar37 (Group) '' table L2
add group /sniff/Ar36 (Group) '' table CDD
flush and close file /Users/jan/PychronDev/data/isotopes/6b/762b89-2f92-46cb-8790-86a5311e8e84.h5
measuring sniff. ncounts=12.0
"sniff" increment series count="1" fit count="0" regressing="False"
starting measurement
Equilibration Finished
00:30:37 -- ******* Equilibration Finished *******
checking ownership. requestor=129.138.12.150
check software interlocks R
interlocks []
actuate state mode=None-script, software_lock=False
doing actuation None-script close_channel True
Close R ===>> OK
set states for children of R. state=False
handle state [('R', False)]
update switch state R False args=() kw={'refresh': False} ncanvase=3
refresh_canvas_needed fired
GetIndicatorState R ===>> False
change switch state (True, True)
update switch state R False args=() kw={} ncanvase=3
00:30:37 -- CLOSE  VALVE-R (Jan Inlet)
Post Equilibration Started jan_pump_extraction_line.py
00:30:37 -- ******* Post Equilibration Started jan_pump_extraction_line.py *******
testing...
no interpolation path defined
calculate duration
testing...
no interpolation path defined
executed snippet estimated_duration=4.0, duration=0.000150918960571
executed snippet estimated_duration=4.0, duration=0.00117206573486
Pump after analysis
doing GOSUB
testing...
no interpolation path defined
executed snippet estimated_duration=4.0, duration=0.000281810760498
Pump Microbone
close () {'description': 'Jan Inlet'}
close name=--- desc=Jan Inlet
checking ownership. requestor=129.138.12.150
check software interlocks R
interlocks []
actuate state mode=None-script, software_lock=False
doing actuation None-script close_channel False
Close R ===>> OK
GetIndicatorState R ===>> False
change switch state (True, True)
update switch state R False args=() kw={} ncanvase=3
00:30:38 -- CLOSE  VALVE-R (Jan Inlet)
-------------------------- close None (Jan Inlet) result=[(True, True)]
waiting for write to finish
measurement finished
estimated time: 12.583 actual time: :12.726
flush and close file /Users/jan/PychronDev/data/isotopes/6b/762b89-2f92-46cb-8790-86a5311e8e84.h5
set_fits () {}
using default fits file=/Users/jan/PychronDev/scripts/measurement/fits/nominal_linear.yaml
set "Ar41" to "('Average', 'SEM')"
set "Ar40" to "('Linear', 'SEM')"
set "Ar36" to "('Linear', 'SEM')"
set "Ar37" to "('linear', 'SEM')"
set "Ar38" to "('linear', 'SEM')"
set "Ar39" to "('Linear', 'SEM')"
set_baseline_fits () {}
using default fits file=/Users/jan/PychronDev/scripts/measurement/fits/nominal_linear.yaml
set "H2" to "('average', 'SEM')"
set "H1" to "('average', 'SEM')"
set "CDD" to "('average', 'SEM')"
set "L2" to "('average', 'SEM')"
set "L1" to "('average', 'SEM')"
set "AX" to "('average', 'SEM')"
multicollect () {'integration_time': 1, 'ncounts': 120}
build tables- signal [Detector(H2), Detector(H1), Detector(AX), Detector(L1), Detector(L2), Detector(CDD)]
add group /signal/Ar41 (Group) '' table H2
add group /signal/Ar40 (Group) '' table H1
add group /signal/Ar39 (Group) '' table AX
add group /signal/Ar38 (Group) '' table L1
add group /signal/Ar37 (Group) '' table L2
add group /signal/Ar36 (Group) '' table CDD
flush and close file /Users/jan/PychronDev/data/isotopes/6b/762b89-2f92-46cb-8790-86a5311e8e84.h5
measuring signal. ncounts=120
action=close, ok=True, locked=[False]
is_closed ('F',) {}
is F () closed?
is closed True
open () {'description': 'CO2 Laser to Jan'}
open name=--- desc=CO2 Laser to Jan
checking ownership. requestor=129.138.12.150
check software interlocks A
interlocks []
actuate state mode=None-script, software_lock=False
doing actuation None-script open_channel False
Open A ===>> OK
"signal" increment series count="2" fit count="1" regressing="True"
GetIndicatorState A ===>> OK
change switch state (True, True)
update switch state A True args=() kw={} ncanvase=3
00:30:38 -- OPEN   VALVE-A (CO2 Laser to Jan)
-------------------------- open None (CO2 Laser to Jan) result=[(True, True)]
action=open, ok=True, locked=[False]
sleep (1,) {}
SLEEP 1.0
starting measurement
close () {'description': 'CO2 Laser to Roughing'}
close name=--- desc=CO2 Laser to Roughing
checking ownership. requestor=129.138.12.150
check software interlocks G
interlocks []
actuate state mode=None-script, software_lock=True
VALVE-G(CO2 Laser to Roughing) software locked
change switch state (True, False)
-------------------------- close None (CO2 Laser to Roughing) result=[(True, False)]
action=close, ok=True, locked=[True]
open () {'description': 'Microbone to Turbo'}
open name=--- desc=Microbone to Turbo
checking ownership. requestor=129.138.12.150
check software interlocks U
interlocks []
actuate state mode=None-script, software_lock=False
doing actuation None-script open_channel True
Open U ===>> OK
GetIndicatorState U ===>> OK
change switch state (True, True)
update switch state U True args=() kw={} ncanvase=3
00:30:40 -- OPEN   VALVE-U (Microbone to Turbo)
-------------------------- open None (Microbone to Turbo) result=[(True, True)]
action=open, ok=True, locked=[False]
open () {'description': 'Microbone to Getter NP-10'}
open name=--- desc=Microbone to Getter NP-10
checking ownership. requestor=129.138.12.150
check software interlocks M
interlocks []
actuate state mode=None-script, software_lock=False
doing actuation None-script open_channel False
Open M ===>> OK
GetIndicatorState M ===>> OK
change switch state (True, True)
update switch state M True args=() kw={} ncanvase=3
00:30:40 -- OPEN   VALVE-M (Microbone to Getter NP-10)
-------------------------- open None (Microbone to Getter NP-10) result=[(True, True)]
action=open, ok=True, locked=[False]
open () {'description': 'Microbone to Getter D-50'}
open name=--- desc=Microbone to Getter D-50
checking ownership. requestor=129.138.12.150
check software interlocks K
interlocks []
actuate state mode=None-script, software_lock=False
doing actuation None-script open_channel False
Open K ===>> OK
GetIndicatorState K ===>> OK
change switch state (True, True)
update switch state K True args=() kw={} ncanvase=3
00:30:41 -- OPEN   VALVE-K (Microbone to Getter D-50)
-------------------------- open None (Microbone to Getter D-50) result=[(True, True)]
action=open, ok=True, locked=[False]
open () {'description': 'Microbone to CO2 Laser'}
open name=--- desc=Microbone to CO2 Laser
checking ownership. requestor=129.138.12.150
check software interlocks T
interlocks []
actuate state mode=None-script, software_lock=False
doing actuation None-script open_channel False
Open T ===>> OK
GetIndicatorState T ===>> OK
change switch state (True, True)
update switch state T True args=() kw={} ncanvase=3
00:30:41 -- OPEN   VALVE-T (Microbone to CO2 Laser)
-------------------------- open None (Microbone to CO2 Laser) result=[(True, True)]
action=open, ok=True, locked=[False]
open () {'description': 'Microbone to Inlet Pipette'}
open name=--- desc=Microbone to Inlet Pipette
checking ownership. requestor=129.138.12.150
check software interlocks S
interlocks []
actuate state mode=None-script, software_lock=False
doing actuation None-script open_channel False
Open S ===>> OK
GetIndicatorState S ===>> OK
change switch state (True, True)
update switch state S True args=() kw={} ncanvase=3
00:30:42 -- OPEN   VALVE-S (Microbone to Inlet Pipette)
-------------------------- open None (Microbone to Inlet Pipette) result=[(True, True)]
action=open, ok=True, locked=[False]
sleep (1,) {}
SLEEP 1.0
testing H1<-5.0
evaluate ot="H1.bs<-5.0" t="H1<-5.0", ctx="{'H1': 0.15261714783273952}"
set_resource () {'name': 'CO2PumpTimeFlag', 'value': 30}
Set CO2PumpTimeFlag 30 ===>> OK
release ('JanCO2Flag',) {}
release JanCO2Flag
Set JanCO2Flag 0 ===>> OK
executed snippet estimated_duration=6.0, duration=6.1770222187
PumpMicrobone.py completed successfully
gosub finished
get_resource_value () {'name': 'JanMiniboneFlag'}
Read JanMiniboneFlag ===>> 0
Get Resource Value JanMiniboneFlag=0.0
get resource value 0.0
get_resource_value () {'name': 'JanMiniboneFlag'}
Read JanMiniboneFlag ===>> 0
Get Resource Value JanMiniboneFlag=0.0
executed snippet estimated_duration=4.0, duration=6.19347190857
jan_pump_extraction_line.py completed successfully
Post Equilibration Finished
00:30:44 -- ******* Post Equilibration Finished *******
testing H1<-5.0
evaluate ot="H1.bs<-5.0" t="H1<-5.0", ctx="{'H1': 0.15261714783273952}"
testing H1<-5.0
evaluate ot="H1.bs<-5.0" t="H1<-5.0", ctx="{'H1': 0.15261714783273952}"
testing H1<-5.0
evaluate ot="H1.bs<-5.0" t="H1<-5.0", ctx="{'H1': 0.15261714783273952}"
testing H1<-5.0
evaluate ot="H1.bs<-5.0" t="H1<-5.0", ctx="{'H1': 0.15261714783273952}"
00:31:04 -- collecting point 25
testing H1<-5.0
evaluate ot="H1.bs<-5.0" t="H1<-5.0", ctx="{'H1': 0.15261714783273952}"
testing H1<-5.0
evaluate ot="H1.bs<-5.0" t="H1<-5.0", ctx="{'H1': 0.15261714783273952}"
testing H1<-5.0
evaluate ot="H1.bs<-5.0" t="H1<-5.0", ctx="{'H1': 0.15261714783273952}"
testing H1<-5.0
evaluate ot="H1.bs<-5.0" t="H1<-5.0", ctx="{'H1': 0.15261714783273952}"
testing H1<-5.0
evaluate ot="H1.bs<-5.0" t="H1<-5.0", ctx="{'H1': 0.15261714783273952}"
00:31:30 -- collecting point 50
testing H1<-5.0
evaluate ot="H1.bs<-5.0" t="H1<-5.0", ctx="{'H1': 0.15261714783273952}"
testing H1<-5.0
evaluate ot="H1.bs<-5.0" t="H1<-5.0", ctx="{'H1': 0.15261714783273952}"
testing H1<-5.0
evaluate ot="H1.bs<-5.0" t="H1<-5.0", ctx="{'H1': 0.15261714783273952}"
testing H1<-5.0
evaluate ot="H1.bs<-5.0" t="H1<-5.0", ctx="{'H1': 0.15261714783273952}"
testing H1<-5.0
evaluate ot="H1.bs<-5.0" t="H1<-5.0", ctx="{'H1': 0.15261714783273952}"
00:31:56 -- collecting point 75
testing H1<-5.0
evaluate ot="H1.bs<-5.0" t="H1<-5.0", ctx="{'H1': 0.15261714783273952}"
testing H1<-5.0
evaluate ot="H1.bs<-5.0" t="H1<-5.0", ctx="{'H1': 0.15261714783273952}"
testing H1<-5.0
evaluate ot="H1.bs<-5.0" t="H1<-5.0", ctx="{'H1': 0.15261714783273952}"
testing H1<-5.0
evaluate ot="H1.bs<-5.0" t="H1<-5.0", ctx="{'H1': 0.15261714783273952}"
testing H1<-5.0
evaluate ot="H1.bs<-5.0" t="H1<-5.0", ctx="{'H1': 0.15261714783273952}"
00:32:23 -- collecting point 100
testing H1<-5.0
evaluate ot="H1.bs<-5.0" t="H1<-5.0", ctx="{'H1': 0.15261714783273952}"
testing H1<-5.0
evaluate ot="H1.bs<-5.0" t="H1<-5.0", ctx="{'H1': 0.15261714783273952}"
testing H1<-5.0
evaluate ot="H1.bs<-5.0" t="H1<-5.0", ctx="{'H1': 0.15261714783273952}"
testing H1<-5.0
evaluate ot="H1.bs<-5.0" t="H1<-5.0", ctx="{'H1': 0.15261714783273952}"
waiting for write to finish
measurement finished
estimated time: 125.829 actual time: :126.423
flush and close file /Users/jan/PychronDev/data/isotopes/6b/762b89-2f92-46cb-8790-86a5311e8e84.h5
baselines () {'settling_time': 15.0, 'detector': 'H1', 'mass': 34.2, 'ncounts': 60}
%%%%%%%%%%%%%%%%%%%%%%%%%%%%%%%% Baseline
build tables- baseline [Detector(H2), Detector(H1), Detector(AX), Detector(L1), Detector(L2), Detector(CDD)]
add group baseline table H2
add group baseline table H1
add group baseline table AX
add group baseline table L1
add group baseline table L2
add group baseline table CDD
flush and close file /Users/jan/PychronDev/data/isotopes/6b/762b89-2f92-46cb-8790-86a5311e8e84.h5
detector Detector(H1)
POSITION 34.2 H1
Mapping mass to dac mass func: "parabolic"
H1 map mass coeffs = [-0.00063987  0.15840543  0.57041999]
H1 map mass to dac 34.2 >> 5.23946599104
GetDeflection H1 ===>> 0
GetHighVoltage ===>> 4499.94659342336
positioning 34.2 (5.23943513632) on H1
setting magnet DAC
current  : 5.878775
requested: 5.239435
Delta Dac: 0.639340
Checking detector protection. dv=0.63934
Checking detector "CDD". Protection Threshold: 0.8 (V)
SetMagnetDAC 5.23943513632 ===>> OK
Magnet settling time: 0.500 0.500
Magnet settling complete
set_dac. change=True
Delaying 15.0s for detectors to settle
Join finished
measuring baseline. ncounts=60
"baseline" increment series count="2" fit count="1" regressing="True"
starting measurement
testing H1<-5.0
evaluate ot="H1.bs<-5.0" t="H1<-5.0", ctx="{'H1': 0.04800710113131995}"
testing H1<-5.0
evaluate ot="H1.bs<-5.0" t="H1<-5.0", ctx="{'H1': 0.07497159621719934}"
testing H1<-5.0
evaluate ot="H1.bs<-5.0" t="H1<-5.0", ctx="{'H1': 0.09720159393375528}"
testing H1<-5.0
evaluate ot="H1.bs<-5.0" t="H1<-5.0", ctx="{'H1': 0.12310651885265769}"
testing H1<-5.0
evaluate ot="H1.bs<-5.0" t="H1<-5.0", ctx="{'H1': 0.1348075163195406}"
00:33:26 -- collecting point 25
testing H1<-5.0
evaluate ot="H1.bs<-5.0" t="H1<-5.0", ctx="{'H1': 0.14480279417053452}"
testing H1<-5.0
evaluate ot="H1.bs<-5.0" t="H1<-5.0", ctx="{'H1': 0.15376660555321636}"
testing H1<-5.0
evaluate ot="H1.bs<-5.0" t="H1<-5.0", ctx="{'H1': 0.1578745801720697}"
testing H1<-5.0
evaluate ot="H1.bs<-5.0" t="H1<-5.0", ctx="{'H1': 0.16358037013561968}"
testing H1<-5.0
evaluate ot="H1.bs<-5.0" t="H1<-5.0", ctx="{'H1': 0.17078182006049972}"
00:33:53 -- collecting point 50
testing H1<-5.0
evaluate ot="H1.bs<-5.0" t="H1<-5.0", ctx="{'H1': 0.17131942481228113}"
testing H1<-5.0
evaluate ot="H1.bs<-5.0" t="H1<-5.0", ctx="{'H1': 0.17510333204699013}"
waiting for write to finish
measurement finished
estimated time: 62.915 actual time: :63.231
flush and close file /Users/jan/PychronDev/data/isotopes/6b/762b89-2f92-46cb-8790-86a5311e8e84.h5
activate_detectors ('H1', 'AX', 'CDD') {'peak_center': True}
peak_center () {'detector': 'H1', 'integration_time': 0.262144, 'isotope': 'Ar40'}
peak center: mean=2037.74441363 threshold=3
peak center started
setup peak center. detector=['H1', 'AX', 'CDD'], isotope=Ar40
VersionedUnpickler [<apptools.sweet_pickle.versioned_unpickler.VersionedUnpickler object at 0x1abfa19b0>] using Updater [<apptools.sweet_pickle.updater.Updater object at 0x1388b6e30>]
VersionedUnpickler [<apptools.sweet_pickle.versioned_unpickler.VersionedUnpickler object at 0x1abfa19b0>] using Updater [<apptools.sweet_pickle.updater.Updater object at 0x1388b6e30>]
VersionedUnpickler [<apptools.sweet_pickle.versioned_unpickler.VersionedUnpickler object at 0x1bc093470>] using Updater [<apptools.sweet_pickle.updater.Updater object at 0x1388b6e30>]
Mapping mass to dac mass func: "parabolic"
H1 map mass coeffs = [-0.00063987  0.15840543  0.57041999]
H1 map mass to dac 39.9624 >> 5.87881
GetDeflection H1 ===>> 0
GetHighVoltage ===>> 4499.94659342336
do peak center. <pychron.spectrometer.jobs.peak_center.PeakCenter object at 0x12f1e0530>
doing pc
starting peak center. center dac= 5.87877538024 step_width=0.0015
width = 0.0015
get scan parameters. half-width=0.015,window=0.015, i=0, scalar=1
Scan parameters center=5.87878 width=0.03000 (5.86378 - 5.89378)
Moving to starting dac 5.86377538024
setting magnet DAC
current  : 5.239435
requested: 5.863775
Delta Dac: 0.624340
Checking detector protection. dv=0.62434
Checking detector "CDD". Protection Threshold: 0.8 (V)
SetMagnetDAC 5.86377538024 ===>> OK
Magnet settling time: 0.500 0.500
Magnet settling complete
set_dac. change=True
Wait until signal near baseline. tol= 0.129906074295. timeout= 10
Peak center failed to move to a baseline position
_do_sweep sm= 5.86377538024, em= 5.89377538024, stm= 0.0015
calculated step values: start=5.86377538024, end=5.89377538024, width=0.0015, nsteps=21.0
setting magnet DAC
current  : 5.863775
requested: 5.863775
Delta Dac: 0.000000
Checking detector protection. dv=0.00000
Checking detector "CDD". Protection Threshold: 0.8 (V)
SetMagnetDAC 5.86377538024 ===>> OK
set_dac. change=False
setting magnet DAC
current  : 5.863775
requested: 5.865354
Delta Dac: 0.001579
Checking detector protection. dv=0.00158
Checking detector "CDD". Protection Threshold: 0.8 (V)
SetMagnetDAC 5.86535432761 ===>> OK
Magnet settling time: 2.097 0.500
Magnet settling complete
set_dac. change=True
setting magnet DAC
current  : 5.865354
requested: 5.866933
Delta Dac: 0.001579
Checking detector protection. dv=0.00158
Checking detector "CDD". Protection Threshold: 0.8 (V)
SetMagnetDAC 5.86693327498 ===>> OK
Magnet settling time: 2.097 0.500
Magnet settling complete
set_dac. change=True
setting magnet DAC
current  : 5.866933
requested: 5.868512
Delta Dac: 0.001579
Checking detector protection. dv=0.00158
Checking detector "CDD". Protection Threshold: 0.8 (V)
SetMagnetDAC 5.86851222234 ===>> OK
Magnet settling time: 2.097 0.500
Magnet settling complete
set_dac. change=True
setting magnet DAC
current  : 5.868512
requested: 5.870091
Delta Dac: 0.001579
Checking detector protection. dv=0.00158
Checking detector "CDD". Protection Threshold: 0.8 (V)
SetMagnetDAC 5.87009116971 ===>> OK
Magnet settling time: 2.097 0.500
Magnet settling complete
set_dac. change=True
setting magnet DAC
current  : 5.870091
requested: 5.871670
Delta Dac: 0.001579
Checking detector protection. dv=0.00158
Checking detector "CDD". Protection Threshold: 0.8 (V)
SetMagnetDAC 5.87167011708 ===>> OK
Magnet settling time: 2.097 0.500
Magnet settling complete
set_dac. change=True
setting magnet DAC
current  : 5.871670
requested: 5.873249
Delta Dac: 0.001579
Checking detector protection. dv=0.00158
Checking detector "CDD". Protection Threshold: 0.8 (V)
SetMagnetDAC 5.87324906445 ===>> OK
Magnet settling time: 2.097 0.500
Magnet settling complete
set_dac. change=True
setting magnet DAC
current  : 5.873249
requested: 5.874828
Delta Dac: 0.001579
Checking detector protection. dv=0.00158
Checking detector "CDD". Protection Threshold: 0.8 (V)
SetMagnetDAC 5.87482801182 ===>> OK
Magnet settling time: 2.097 0.500
Magnet settling complete
set_dac. change=True
setting magnet DAC
current  : 5.874828
requested: 5.876407
Delta Dac: 0.001579
Checking detector protection. dv=0.00158
Checking detector "CDD". Protection Threshold: 0.8 (V)
SetMagnetDAC 5.87640695919 ===>> OK
Magnet settling time: 2.097 0.500
Magnet settling complete
set_dac. change=True
setting magnet DAC
current  : 5.876407
requested: 5.877986
Delta Dac: 0.001579
Checking detector protection. dv=0.00158
Checking detector "CDD". Protection Threshold: 0.8 (V)
SetMagnetDAC 5.87798590655 ===>> OK
Magnet settling time: 2.097 0.500
Magnet settling complete
set_dac. change=True
setting magnet DAC
current  : 5.877986
requested: 5.879565
Delta Dac: 0.001579
Checking detector protection. dv=0.00158
Checking detector "CDD". Protection Threshold: 0.8 (V)
SetMagnetDAC 5.87956485392 ===>> OK
Magnet settling time: 2.097 0.500
Magnet settling complete
set_dac. change=True
setting magnet DAC
current  : 5.879565
requested: 5.881144
Delta Dac: 0.001579
Checking detector protection. dv=0.00158
Checking detector "CDD". Protection Threshold: 0.8 (V)
SetMagnetDAC 5.88114380129 ===>> OK
Magnet settling time: 2.097 0.500
Magnet settling complete
set_dac. change=True
setting magnet DAC
current  : 5.881144
requested: 5.882723
Delta Dac: 0.001579
Checking detector protection. dv=0.00158
Checking detector "CDD". Protection Threshold: 0.8 (V)
SetMagnetDAC 5.88272274866 ===>> OK
Magnet settling time: 2.097 0.500
Magnet settling complete
set_dac. change=True
setting magnet DAC
current  : 5.882723
requested: 5.884302
Delta Dac: 0.001579
Checking detector protection. dv=0.00158
Checking detector "CDD". Protection Threshold: 0.8 (V)
SetMagnetDAC 5.88430169603 ===>> OK
Magnet settling time: 2.097 0.500
Magnet settling complete
set_dac. change=True
setting magnet DAC
current  : 5.884302
requested: 5.885881
Delta Dac: 0.001579
Checking detector protection. dv=0.00158
Checking detector "CDD". Protection Threshold: 0.8 (V)
SetMagnetDAC 5.8858806434 ===>> OK
Magnet settling time: 2.097 0.500
Magnet settling complete
set_dac. change=True
setting magnet DAC
current  : 5.885881
requested: 5.887460
Delta Dac: 0.001579
Checking detector protection. dv=0.00158
Checking detector "CDD". Protection Threshold: 0.8 (V)
SetMagnetDAC 5.88745959077 ===>> OK
Magnet settling time: 2.097 0.500
Magnet settling complete
set_dac. change=True
setting magnet DAC
current  : 5.887460
requested: 5.889039
Delta Dac: 0.001579
Checking detector protection. dv=0.00158
Checking detector "CDD". Protection Threshold: 0.8 (V)
SetMagnetDAC 5.88903853813 ===>> OK
Magnet settling time: 2.097 0.500
Magnet settling complete
set_dac. change=True
setting magnet DAC
current  : 5.889039
requested: 5.890617
Delta Dac: 0.001579
Checking detector protection. dv=0.00158
Checking detector "CDD". Protection Threshold: 0.8 (V)
SetMagnetDAC 5.8906174855 ===>> OK
Magnet settling time: 2.097 0.500
Magnet settling complete
set_dac. change=True
setting magnet DAC
current  : 5.890617
requested: 5.892196
Delta Dac: 0.001579
Checking detector protection. dv=0.00158
Checking detector "CDD". Protection Threshold: 0.8 (V)
SetMagnetDAC 5.89219643287 ===>> OK
Magnet settling time: 2.097 0.500
Magnet settling complete
set_dac. change=True
setting magnet DAC
current  : 5.892196
requested: 5.893775
Delta Dac: 0.001579
Checking detector protection. dv=0.00158
Checking detector "CDD". Protection Threshold: 0.8 (V)
SetMagnetDAC 5.89377538024 ===>> OK
Magnet settling time: 2.097 0.500
Magnet settling complete
set_dac. change=True
result of _do_sweep=True
result of _calculate_peak_center=([5.8708395084956884, 5.8786851998784542, 5.88653089126122], [1427.5642969942905, 1947.8069201397925, 1434.3474209774354], 5.8779637569926821, 1947.8069201397925)
new center pos Detector(H1) (Ar40) @ 5.87868519988
GetHighVoltage ===>> 4499.94659342336
GetDeflection H1 ===>> 0
dac uncorrected for HV and deflection 5.87871981911
update mftable H1 Ar40 5.87871981911 message=automated run peakcenter
get initial guess parabolic
get initial guess parabolic
get initial guess parabolic
get initial guess parabolic
get initial guess parabolic
get initial guess parabolic
dump mftable to /Users/jan/PychronDev/setupfiles/spectrometer/mftables/mftable.csv
add to repo msg=modified - automated run peakcenter
sweep finished
locally archiving mftable
setting magnet DAC
current  : 5.893775
requested: 5.878685
Delta Dac: 0.015090
Checking detector protection. dv=0.01509
Checking detector "CDD". Protection Threshold: 0.8 (V)
SetMagnetDAC 5.87868519988 ===>> OK
Magnet settling time: 0.500 0.500
Magnet settling complete
set_dac. change=True
flush and close file /Users/jan/PychronDev/data/isotopes/6b/762b89-2f92-46cb-8790-86a5311e8e84.h5
finished measure script
executed snippet estimated_duration=226.132928, duration=280.002542973
jan_unknown120_60.py completed successfully
Measurement Finished
00:34:58 -- ******* Measurement Finished *******
Post Measurement Started jan_pump_ms.py
00:34:58 -- ******* Post Measurement Started jan_pump_ms.py *******
testing...
no interpolation path defined
executed snippet estimated_duration=0, duration=2.59876251221e-05
Pumping spectrometer
open () {'name': 'O'}
open name=O desc=---
checking ownership. requestor=129.138.12.150
check software interlocks O
interlocks []
actuate state mode=None-script, software_lock=False
doing actuation None-script open_channel True
Open O ===>> OK
GetIndicatorState O ===>> OK
change switch state (True, True)
update switch state O True args=() kw={} ncanvase=3
00:34:58 -- OPEN   VALVE-O (Jan Ion Pump)
-------------------------- open O () result=[(True, True)]
action=open, ok=True, locked=[False]
executed snippet estimated_duration=0, duration=0.37206196785
jan_pump_ms.py completed successfully
setting _ms_pumptime
Post Measurement Finished
00:34:58 -- ******* Post Measurement Finished *******
$$$$$$$$$$$$$$$$$$$$ state at run end measurement
state changed from measurement to success
post measurement save measured=True aborted=False
Set filtering
setting fod for Ar41= {'filter_outliers': True, 'std_devs': 2, 'iterations': 1}
setting fod for H2= {'filter_outliers': True, 'std_devs': 2, 'iterations': 1}
setting fod for Ar40= {'filter_outliers': True, 'std_devs': 2, 'iterations': 1}
setting fod for H1= {'filter_outliers': True, 'std_devs': 2, 'iterations': 1}
setting fod for Ar36= {'filter_outliers': True, 'std_devs': 2, 'iterations': 1}
setting fod for CDD= {'filter_outliers': True, 'std_devs': 10, 'iterations': 1}
setting fod for Ar37= {'filter_outliers': True, 'std_devs': 2, 'iterations': 1}
setting fod for L2= {'filter_outliers': True, 'std_devs': 2, 'iterations': 1}
setting fod for Ar38= {'filter_outliers': True, 'std_devs': 2, 'iterations': 1}
setting fod for L1= {'filter_outliers': True, 'std_devs': 2, 'iterations': 1}
setting fod for Ar39= {'filter_outliers': True, 'std_devs': 2, 'iterations': 1}
setting fod for AX= {'filter_outliers': True, 'std_devs': 2, 'iterations': 1}
persistence save...
persistence save - db
post measurement save
7270429136 connecting to database sqlite:////Users/jan/PychronDev/.appdata/local_lab.db
connected to db sqlite:////Users/jan/PychronDev/.appdata/local_lab.db
create new session 7270429136
close session 7270429136
No database instance. Not saving post measurement to isotopedb database
$$$$$$$$$$$$$$$ auto_save_detector_ic=False
massspec enabled True
create new session 4972174128
MassSpec Database Version: 16.0
close session 4972174128
saving post measurement to secondary database
saving to massspec database 129.138.12.160/massspecdata
setting labnumber to 65619
setting aliquot to 14
setting step to 
setting uuid to 6b762b89-2f92-46cb-8790-86a5311e8e84
setting irradpos to 65619
setting extract_device to Fusions CO2
setting tray to 
setting position to 141
setting power_requested to 5.0
setting extract_value to 5.0
setting duration to 30.0
setting duration_at_request to 30.0
setting first_stage_delay to 30.0
setting cleanup to 30.0
setting comment to C12: sanidine
setting irradiation to NM-290
setting level to C
setting irradiation_level to C
setting sample to GM-270
setting material to Adularia
setting project to IR1005
setting mass_spectrometer to Jan
no attribute chron_dosages
no attribute production_ratios
no attribute interference_corrections
no attribute production_name
no attribute j
Reference Isotope=Ar40
Reference Detector=H1
%%%%%%%%%%%%%%%%%%%% Comment: C12: sanidine %%%%%%%%%%%%%%%%%%%
adding isotope Ar41 H2
add baseline dbdet= Ar41. original det= H2
get baseline data Ar41 H2
Get data baseline <pychron.processing.isotope.Baseline object at 0x12dd53210> len t=60
baseline Ar41. v=-0.192532838136, e=0.00723563034118
get signal data Ar41 H2
Get data signal Ar41 0.139+/-0.006 len t=120
adding isotope Ar40 H1
add baseline dbdet= Ar40. original det= H1
get baseline data Ar40 H1
Get data baseline <pychron.processing.isotope.Baseline object at 0x12dd53750> len t=60
baseline Ar40. v=0.180867705625, e=0.00676518802001
get signal data Ar40 H1
Get data signal Ar40 2136.94+/-0.10 len t=120
adding isotope Ar39 AX
add baseline dbdet= Ar39. original det= AX
get baseline data Ar39 AX
Get data baseline <pychron.processing.isotope.Baseline object at 0x12dd53d10> len t=60
baseline Ar39. v=-0.077277779502, e=0.00574622294751
get signal data Ar39 AX
Get data signal Ar39 259.224+/-0.030 len t=120
adding isotope Ar38 L1
add baseline dbdet= Ar38. original det= L1
get baseline data Ar38 L1
Get data baseline <pychron.processing.isotope.Baseline object at 0x12dd53450> len t=60
baseline Ar38. v=-0.0384896701037, e=0.00315982482645
get signal data Ar38 L1
Get data signal Ar38 3.666+/-0.006 len t=120
adding isotope Ar37 L2
add baseline dbdet= Ar37. original det= L2
get baseline data Ar37 L2
Get data baseline <pychron.processing.isotope.Baseline object at 0x12dd53050> len t=60
baseline Ar37. v=-0.0258714869768, e=0.00555446961328
get signal data Ar37 L2
Get data signal Ar37 1.067+/-0.010 len t=120
adding isotope Ar36 CDD
add baseline dbdet= Ar36. original det= CDD
get baseline data Ar36 CDD
Get data baseline <pychron.processing.isotope.Baseline object at 0x13bf89b10> len t=60
baseline Ar36. v=0.000552296956473, e=3.81707910143e-05
get signal data Ar36 CDD
Get data signal Ar36 1.8722+/-0.0033 len t=120
65619-14 added analysis time 0.471775054932s
analysis added to mass spec database
mass spec save time= 0.482
persistence save - dvc
================= post measurement started
create new session 4938858768
close session 4938858768
---------------- Experiment Queue saving disabled
DVC saving peakcenter
Smart pull ahead: 0 behind: 0
Up-to-date with origin
add to repo msg=modified - ad8224ebc6dbfeb9f5997218dfa5fe690569839d.json
add to repo msg=modified - 19-14.json
add to repo msg=modified - 19-14.dat.json
add to repo msg=modified - 19-14.blan.json
add to repo msg=modified - 19-14.inte.json
add to repo msg=modified - 19-14.icfa.json
add to repo msg=modified - 19-14.base.json
not at valid file /Users/jan/PychronDev/data/.dvc/repositories/Irradiation-NM-290/656/tags/19-14.tags.json
add to repo msg=modified - 19-14.peak.json
add to repo msg=modified - 19-14.extr.json
not at valid file /Users/jan/PychronDev/data/.dvc/repositories/Irradiation-NM-290/656/monitor/19-14.moni.json
commit message=<COLLECTION>
add to repo msg=modified - 19-14.inte.json
add to repo msg=modified - 19-14.base.json
commit message=<ISOEVO> default collection fits
add to repo msg=modified - 19-14.blan.json
commit message=<BLANKS> preceding bc-02-J-560
add to repo msg=modified - 19-14.icfa.json
commit message=<ICFactor> default
push repository <pychron.git_archive.repo_manager.GitRepoManager object at 0x1b8e31b30>
pushing to remote=origin, url=https://github.com
no changes to meta repo
create new session 4938858768
add association Irradiation-NM-290
get identifier "65619"
setting analysis irradiation position=<pychron.dvc.dvc_orm.IrradiationPositionTbl object at 0x12f32a5d0>
close session 4938858768
================= post measurement finished
00:35:11 -- ******* Post Run Check *******
loading queue conditionals post_run_actions
loading system conditionals post_run_actions
loading conditionals from /Users/jan/PychronDev/setupfiles/spectrometer/default_conditionals.yaml
loading queue conditionals post_run_terminations
loading system conditionals post_run_terminations
loading conditionals from /Users/jan/PychronDev/setupfiles/spectrometer/default_conditionals.yaml
Checking default post run terminations n=1
GetDeflection CDD ===>> 50
testing CDD==2000
evaluate ot="CDD.deflection==2000" t="CDD==2000", ctx="{'CDD': 50.0}"
00:35:11 -- ******* Post Run Check Passed *******
00:35:11 -- Automated run 65619-14 success duration: 374.167 s
----------------- finish -----------------
----------------- stop -----------------
retroactive repository identifiers disabled
finish run. runs completed=11
update duration runid=65619-14, duration=374.166585922, md5=301e91d8
loading script "jan_unknown120_60.py"
loading script "jan_pump_ms.py"
loading script "jan_co2.py"
loading script "jan_pump_extraction_line.py"
testing...
no interpolation path defined
executed snippet estimated_duration=213.652928, duration=0.000388860702515
script duration name:unknown120_60 seconds:214.0
loading script "jan_unknown120_60.py"
loading script "jan_pump_ms.py"
loading script "jan_co2.py"
loading script "jan_pump_extraction_line.py"
testing...
no interpolation path defined
executed snippet estimated_duration=0, duration=4.29153442383e-05
loading script "jan_unknown120_60.py"
loading script "jan_pump_ms.py"
loading script "jan_co2.py"
loading script "jan_pump_extraction_line.py"
testing...
no interpolation path defined
calculate duration
testing...
no interpolation path defined
executed snippet estimated_duration=0, duration=5.60283660889e-05
calculate duration
testing...
no interpolation path defined
executed snippet estimated_duration=0, duration=0.000115871429443
executed snippet estimated_duration=0.0, duration=0.00851607322693
script duration name:co2 seconds:0.0
loading script "jan_unknown120_60.py"
loading script "jan_pump_ms.py"
loading script "jan_co2.py"
loading script "jan_pump_extraction_line.py"
testing...
no interpolation path defined
calculate duration
testing...
no interpolation path defined
executed snippet estimated_duration=4.0, duration=0.000174045562744
executed snippet estimated_duration=4.0, duration=0.00300693511963
Script duration 214.0
Run total estimated duration= 215.000
unknown120_60 in script context. using previous estimated duration
script duration name:unknown120_60 seconds:214.0
pump_ms in script context. using previous estimated duration
co2 in script context. using previous estimated duration
script duration name:co2 seconds:0.0
pump_extraction_line in script context. using previous estimated duration
Script duration 214.0
Run total estimated duration= 215.000
script duration name:unknown120_60 seconds:214.0
script duration name:co2 seconds:0.0
Script duration 214.0
Run total estimated duration= 215.000
loading script "jan_unknown400_120.py"
loading script "jan_pump_ms.py"
loading script "jan_sniffair_x2.py"
loading script "jan_pump_extraction_line.py"
testing...
no interpolation path defined
executed snippet estimated_duration=556.052928, duration=0.000195980072021
script duration name:unknown400_120 seconds:556.0
loading script "jan_unknown400_120.py"
loading script "jan_pump_ms.py"
loading script "jan_sniffair_x2.py"
loading script "jan_pump_extraction_line.py"
testing...
no interpolation path defined
calculate duration
testing...
no interpolation path defined
executed snippet estimated_duration=0, duration=5.3882598877e-05
calculate duration
testing...
no interpolation path defined
executed snippet estimated_duration=0, duration=0.000124931335449
calculate duration
testing...
no interpolation path defined
executed snippet estimated_duration=32.0, duration=0.000103950500488
calculate duration
testing...
no interpolation path defined
executed snippet estimated_duration=34.0, duration=0.000109910964966
calculate duration
testing...
no interpolation path defined
executed snippet estimated_duration=4.0, duration=7.10487365723e-05
calculate duration
testing...
no interpolation path defined
executed snippet estimated_duration=36.0, duration=0.000133991241455
calculate duration
testing...
no interpolation path defined
executed snippet estimated_duration=34.0, duration=0.0001060962677
calculate duration
testing...
no interpolation path defined
executed snippet estimated_duration=4.0, duration=8.20159912109e-05
calculate duration
testing...
no interpolation path defined
executed snippet estimated_duration=36.0, duration=0.0001380443573
calculate duration
testing...
no interpolation path defined
executed snippet estimated_duration=70.0, duration=0.000102043151855
executed snippet estimated_duration=250.0, duration=0.0302031040192
script duration name:sniffair_x2 seconds:250.0
Script duration 806.0
Run total estimated duration= 807.000
script duration name:unknown120_60 seconds:214.0
script duration name:co2 seconds:0.0
Script duration 214.0
Run total estimated duration= 215.000
script duration name:unknown120_60 seconds:214.0
script duration name:co2 seconds:0.0
Script duration 214.0
Run total estimated duration= 215.000
script duration name:unknown120_60 seconds:214.0
script duration name:co2 seconds:0.0
Script duration 214.0
Run total estimated duration= 215.000
script duration name:unknown120_60 seconds:214.0
script duration name:co2 seconds:0.0
Script duration 214.0
Run total estimated duration= 215.000
script duration name:unknown120_60 seconds:214.0
script duration name:co2 seconds:0.0
Script duration 214.0
Run total estimated duration= 215.000
script duration name:unknown120_60 seconds:214.0
script duration name:co2 seconds:0.0
Script duration 214.0
Run total estimated duration= 215.000
unknown400_120 in script context. using previous estimated duration
script duration name:unknown400_120 seconds:556.0
script duration name:co2 seconds:0.0
Script duration 556.0
Run total estimated duration= 557.000
script duration name:unknown400_120 seconds:556.0
loading script "jan_unknown400_120.py"
loading script "jan_pump_ms.py"
loading script "jan_cocktail_x1.py"
loading script "jan_pump_extraction_line.py"
testing...
no interpolation path defined
calculate duration
testing...
no interpolation path defined
executed snippet estimated_duration=0, duration=0.000226974487305
calculate duration
testing...
no interpolation path defined
executed snippet estimated_duration=0, duration=0.000144004821777
calculate duration
testing...
no interpolation path defined
executed snippet estimated_duration=32.0, duration=0.000115871429443
calculate duration
testing...
no interpolation path defined
executed snippet estimated_duration=34.0, duration=0.0001220703125
calculate duration
testing...
no interpolation path defined
executed snippet estimated_duration=4.0, duration=7.5101852417e-05
calculate duration
testing...
no interpolation path defined
executed snippet estimated_duration=38.0, duration=0.00016713142395
executed snippet estimated_duration=108.0, duration=0.0214350223541
script duration name:cocktail_x1 seconds:108.0
Script duration 664.0
Run total estimated duration= 665.000
script duration name:unknown120_60 seconds:214.0
script duration name:co2 seconds:0.0
Script duration 214.0
Run total estimated duration= 215.000
script duration name:unknown120_60 seconds:214.0
script duration name:co2 seconds:0.0
Script duration 214.0
Run total estimated duration= 215.000
script duration name:unknown120_60 seconds:214.0
script duration name:co2 seconds:0.0
Script duration 214.0
Run total estimated duration= 215.000
script duration name:unknown120_60 seconds:214.0
script duration name:co2 seconds:0.0
Script duration 214.0
Run total estimated duration= 215.000
script duration name:unknown120_60 seconds:214.0
script duration name:co2 seconds:0.0
Script duration 214.0
Run total estimated duration= 215.000
script duration name:unknown120_60 seconds:214.0
script duration name:co2 seconds:0.0
Script duration 214.0
Run total estimated duration= 215.000
script duration name:unknown120_60 seconds:214.0
script duration name:co2 seconds:0.0
Script duration 214.0
Run total estimated duration= 215.000
script duration name:unknown120_60 seconds:214.0
script duration name:co2 seconds:0.0
Script duration 214.0
Run total estimated duration= 215.000
script duration name:unknown120_60 seconds:214.0
script duration name:co2 seconds:0.0
Script duration 214.0
Run total estimated duration= 215.000
script duration name:unknown120_60 seconds:214.0
script duration name:co2 seconds:0.0
Script duration 214.0
Run total estimated duration= 215.000
script duration name:unknown400_120 seconds:556.0
script duration name:co2 seconds:0.0
Script duration 556.0
Run total estimated duration= 557.000
script duration name:unknown400_120 seconds:556.0
cocktail_x1 in script context. using previous estimated duration
script duration name:cocktail_x1 seconds:108.0
Script duration 664.0
Run total estimated duration= 665.000
script duration name:unknown120_60 seconds:214.0
script duration name:co2 seconds:0.0
Script duration 214.0
Run total estimated duration= 215.000
script duration name:unknown120_60 seconds:214.0
script duration name:co2 seconds:0.0
Script duration 214.0
Run total estimated duration= 215.000
script duration name:unknown400_120 seconds:556.0
sniffair_x2 in script context. using previous estimated duration
script duration name:sniffair_x2 seconds:250.0
Script duration 806.0
Run total estimated duration= 807.000
script duration name:unknown120_60 seconds:214.0
script duration name:co2 seconds:0.0
Script duration 214.0
Run total estimated duration= 215.000
script duration name:unknown400_120 seconds:556.0
script duration name:sniffair_x2 seconds:250.0
Script duration 806.0
Run total estimated duration= 807.000
script duration name:unknown120_60 seconds:214.0
script duration name:co2 seconds:0.0
Script duration 214.0
Run total estimated duration= 215.000
script duration name:unknown120_60 seconds:214.0
script duration name:co2 seconds:0.0
Script duration 214.0
Run total estimated duration= 215.000
script duration name:unknown120_60 seconds:214.0
script duration name:co2 seconds:0.0
Script duration 214.0
Run total estimated duration= 215.000
script duration name:unknown120_60 seconds:214.0
script duration name:co2 seconds:0.0
Script duration 214.0
Run total estimated duration= 215.000
script duration name:unknown120_60 seconds:214.0
script duration name:co2 seconds:0.0
Script duration 214.0
Run total estimated duration= 215.000
script duration name:unknown120_60 seconds:214.0
script duration name:co2 seconds:0.0
Script duration 214.0
Run total estimated duration= 215.000
script duration name:unknown120_60 seconds:214.0
script duration name:co2 seconds:0.0
Script duration 214.0
Run total estimated duration= 215.000
script duration name:unknown400_120 seconds:556.0
script duration name:co2 seconds:0.0
Script duration 556.0
Run total estimated duration= 557.000
script duration name:unknown400_120 seconds:556.0
script duration name:cocktail_x1 seconds:108.0
Script duration 664.0
Run total estimated duration= 665.000
script duration name:unknown400_120 seconds:556.0
script duration name:cocktail_x1 seconds:108.0
Script duration 664.0
Run total estimated duration= 665.000
script duration name:unknown120_60 seconds:214.0
script duration name:co2 seconds:0.0
Script duration 214.0
Run total estimated duration= 215.000
script duration name:unknown120_60 seconds:214.0
script duration name:co2 seconds:0.0
Script duration 214.0
Run total estimated duration= 215.000
script duration name:unknown120_60 seconds:214.0
script duration name:co2 seconds:0.0
Script duration 214.0
Run total estimated duration= 215.000
script duration name:unknown120_60 seconds:214.0
script duration name:co2 seconds:0.0
Script duration 214.0
Run total estimated duration= 215.000
script duration name:unknown120_60 seconds:214.0
script duration name:co2 seconds:0.0
Script duration 214.0
Run total estimated duration= 215.000
script duration name:unknown120_60 seconds:214.0
script duration name:co2 seconds:0.0
Script duration 214.0
Run total estimated duration= 215.000
script duration name:unknown120_60 seconds:214.0
script duration name:co2 seconds:0.0
Script duration 214.0
Run total estimated duration= 215.000
script duration name:unknown120_60 seconds:214.0
script duration name:co2 seconds:0.0
Script duration 214.0
Run total estimated duration= 215.000
script duration name:unknown120_60 seconds:214.0
script duration name:co2 seconds:0.0
Script duration 214.0
Run total estimated duration= 215.000
script duration name:unknown120_60 seconds:214.0
script duration name:co2 seconds:0.0
Script duration 214.0
Run total estimated duration= 215.000
script duration name:unknown400_120 seconds:556.0
script duration name:co2 seconds:0.0
Script duration 556.0
Run total estimated duration= 557.000
script duration name:unknown400_120 seconds:556.0
script duration name:cocktail_x1 seconds:108.0
Script duration 664.0
Run total estimated duration= 665.000
script duration name:unknown400_120 seconds:556.0
script duration name:sniffair_x2 seconds:250.0
Script duration 806.0
Run total estimated duration= 807.000
script duration name:unknown120_60 seconds:214.0
script duration name:co2 seconds:0.0
Script duration 214.0
Run total estimated duration= 215.000
script duration name:unknown120_60 seconds:214.0
script duration name:co2 seconds:0.0
Script duration 214.0
Run total estimated duration= 215.000
script duration name:unknown120_60 seconds:214.0
script duration name:co2 seconds:0.0
Script duration 214.0
Run total estimated duration= 215.000
script duration name:unknown120_60 seconds:214.0
script duration name:co2 seconds:0.0
Script duration 214.0
Run total estimated duration= 215.000
script duration name:unknown120_60 seconds:214.0
script duration name:co2 seconds:0.0
Script duration 214.0
Run total estimated duration= 215.000
script duration name:unknown120_60 seconds:214.0
script duration name:co2 seconds:0.0
Script duration 214.0
Run total estimated duration= 215.000
script duration name:unknown120_60 seconds:214.0
script duration name:co2 seconds:0.0
Script duration 214.0
Run total estimated duration= 215.000
script duration name:unknown120_60 seconds:214.0
script duration name:co2 seconds:0.0
Script duration 214.0
Run total estimated duration= 215.000
script duration name:unknown120_60 seconds:214.0
script duration name:co2 seconds:0.0
Script duration 214.0
Run total estimated duration= 215.000
script duration name:unknown120_60 seconds:214.0
script duration name:co2 seconds:0.0
Script duration 214.0
Run total estimated duration= 215.000
script duration name:unknown120_60 seconds:214.0
script duration name:co2 seconds:0.0
Script duration 214.0
Run total estimated duration= 215.000
script duration name:unknown120_60 seconds:214.0
script duration name:co2 seconds:0.0
Script duration 214.0
Run total estimated duration= 215.000
script duration name:unknown120_60 seconds:214.0
script duration name:co2 seconds:0.0
Script duration 214.0
Run total estimated duration= 215.000
script duration name:unknown400_120 seconds:556.0
script duration name:co2 seconds:0.0
Script duration 556.0
Run total estimated duration= 557.000
script duration name:unknown400_120 seconds:556.0
script duration name:cocktail_x1 seconds:108.0
Script duration 664.0
Run total estimated duration= 665.000
script duration name:unknown120_60 seconds:214.0
script duration name:co2 seconds:0.0
Script duration 214.0
Run total estimated duration= 215.000
script duration name:unknown120_60 seconds:214.0
script duration name:co2 seconds:0.0
Script duration 214.0
Run total estimated duration= 215.000
script duration name:unknown120_60 seconds:214.0
script duration name:co2 seconds:0.0
Script duration 214.0
Run total estimated duration= 215.000
script duration name:unknown400_120 seconds:556.0
script duration name:co2 seconds:0.0
Script duration 556.0
Run total estimated duration= 557.000
script duration name:unknown400_120 seconds:556.0
script duration name:cocktail_x1 seconds:108.0
Script duration 664.0
Run total estimated duration= 665.000
script duration name:unknown400_120 seconds:556.0
script duration name:cocktail_x1 seconds:108.0
Script duration 664.0
Run total estimated duration= 665.000
script duration name:unknown120_60 seconds:214.0
script duration name:co2 seconds:0.0
Script duration 214.0
Run total estimated duration= 215.000
script duration name:unknown120_60 seconds:214.0
script duration name:co2 seconds:0.0
Script duration 214.0
Run total estimated duration= 215.000
script duration name:unknown120_60 seconds:214.0
script duration name:co2 seconds:0.0
Script duration 214.0
Run total estimated duration= 215.000
script duration name:unknown120_60 seconds:214.0
script duration name:co2 seconds:0.0
Script duration 214.0
Run total estimated duration= 215.000
script duration name:unknown120_60 seconds:214.0
script duration name:co2 seconds:0.0
Script duration 214.0
Run total estimated duration= 215.000
script duration name:unknown120_60 seconds:214.0
script duration name:co2 seconds:0.0
Script duration 214.0
Run total estimated duration= 215.000
script duration name:unknown400_120 seconds:556.0
script duration name:sniffair_x2 seconds:250.0
Script duration 806.0
Run total estimated duration= 807.000
script duration name:unknown120_60 seconds:214.0
script duration name:co2 seconds:0.0
Script duration 214.0
Run total estimated duration= 215.000
script duration name:unknown120_60 seconds:214.0
script duration name:co2 seconds:0.0
Script duration 214.0
Run total estimated duration= 215.000
script duration name:unknown120_60 seconds:214.0
script duration name:co2 seconds:0.0
Script duration 214.0
Run total estimated duration= 215.000
script duration name:unknown120_60 seconds:214.0
script duration name:co2 seconds:0.0
Script duration 214.0
Run total estimated duration= 215.000
script duration name:unknown400_120 seconds:556.0
script duration name:co2 seconds:0.0
Script duration 556.0
Run total estimated duration= 557.000
script duration name:unknown400_120 seconds:556.0
script duration name:cocktail_x1 seconds:108.0
Script duration 664.0
Run total estimated duration= 665.000
script duration name:unknown120_60 seconds:214.0
script duration name:co2 seconds:0.0
Script duration 214.0
Run total estimated duration= 215.000
script duration name:unknown120_60 seconds:214.0
script duration name:co2 seconds:0.0
Script duration 214.0
Run total estimated duration= 215.000
script duration name:unknown120_60 seconds:214.0
script duration name:co2 seconds:0.0
Script duration 214.0
Run total estimated duration= 215.000
script duration name:unknown120_60 seconds:214.0
script duration name:co2 seconds:0.0
Script duration 214.0
Run total estimated duration= 215.000
script duration name:unknown120_60 seconds:214.0
script duration name:co2 seconds:0.0
Script duration 214.0
Run total estimated duration= 215.000
script duration name:unknown120_60 seconds:214.0
script duration name:co2 seconds:0.0
Script duration 214.0
Run total estimated duration= 215.000
script duration name:unknown120_60 seconds:214.0
script duration name:co2 seconds:0.0
Script duration 214.0
Run total estimated duration= 215.000
script duration name:unknown120_60 seconds:214.0
script duration name:co2 seconds:0.0
Script duration 214.0
Run total estimated duration= 215.000
script duration name:unknown120_60 seconds:214.0
script duration name:co2 seconds:0.0
Script duration 214.0
Run total estimated duration= 215.000
script duration name:unknown120_60 seconds:214.0
script duration name:co2 seconds:0.0
Script duration 214.0
Run total estimated duration= 215.000
script duration name:unknown400_120 seconds:556.0
script duration name:co2 seconds:0.0
Script duration 556.0
Run total estimated duration= 557.000
script duration name:unknown400_120 seconds:556.0
script duration name:cocktail_x1 seconds:108.0
Script duration 664.0
Run total estimated duration= 665.000
script duration name:unknown120_60 seconds:214.0
script duration name:co2 seconds:0.0
Script duration 214.0
Run total estimated duration= 215.000
script duration name:unknown120_60 seconds:214.0
script duration name:co2 seconds:0.0
Script duration 214.0
Run total estimated duration= 215.000
script duration name:unknown120_60 seconds:214.0
script duration name:co2 seconds:0.0
Script duration 214.0
Run total estimated duration= 215.000
script duration name:unknown120_60 seconds:214.0
script duration name:co2 seconds:0.0
Script duration 214.0
Run total estimated duration= 215.000
script duration name:unknown400_120 seconds:556.0
script duration name:sniffair_x2 seconds:250.0
Script duration 806.0
Run total estimated duration= 807.000
script duration name:unknown120_60 seconds:214.0
script duration name:co2 seconds:0.0
Script duration 214.0
Run total estimated duration= 215.000
script duration name:unknown120_60 seconds:214.0
script duration name:co2 seconds:0.0
Script duration 214.0
Run total estimated duration= 215.000
script duration name:unknown120_60 seconds:214.0
script duration name:co2 seconds:0.0
Script duration 214.0
Run total estimated duration= 215.000
script duration name:unknown120_60 seconds:214.0
script duration name:co2 seconds:0.0
Script duration 214.0
Run total estimated duration= 215.000
script duration name:unknown120_60 seconds:214.0
script duration name:co2 seconds:0.0
Script duration 214.0
Run total estimated duration= 215.000
script duration name:unknown120_60 seconds:214.0
script duration name:co2 seconds:0.0
Script duration 214.0
Run total estimated duration= 215.000
script duration name:unknown400_120 seconds:556.0
script duration name:co2 seconds:0.0
Script duration 556.0
Run total estimated duration= 557.000
script duration name:unknown400_120 seconds:556.0
script duration name:cocktail_x1 seconds:108.0
Script duration 664.0
Run total estimated duration= 665.000
script duration name:unknown120_60 seconds:214.0
script duration name:co2 seconds:0.0
Script duration 214.0
Run total estimated duration= 215.000
script duration name:unknown120_60 seconds:214.0
script duration name:co2 seconds:0.0
Script duration 214.0
Run total estimated duration= 215.000
script duration name:unknown120_60 seconds:214.0
script duration name:co2 seconds:0.0
Script duration 214.0
Run total estimated duration= 215.000
script duration name:unknown120_60 seconds:214.0
script duration name:co2 seconds:0.0
Script duration 214.0
Run total estimated duration= 215.000
script duration name:unknown120_60 seconds:214.0
script duration name:co2 seconds:0.0
Script duration 214.0
Run total estimated duration= 215.000
script duration name:unknown120_60 seconds:214.0
script duration name:co2 seconds:0.0
Script duration 214.0
Run total estimated duration= 215.000
script duration name:unknown120_60 seconds:214.0
script duration name:co2 seconds:0.0
Script duration 214.0
Run total estimated duration= 215.000
script duration name:unknown120_60 seconds:214.0
script duration name:co2 seconds:0.0
Script duration 214.0
Run total estimated duration= 215.000
script duration name:unknown120_60 seconds:214.0
script duration name:co2 seconds:0.0
Script duration 214.0
Run total estimated duration= 215.000
script duration name:unknown120_60 seconds:214.0
script duration name:co2 seconds:0.0
Script duration 214.0
Run total estimated duration= 215.000
script duration name:unknown400_120 seconds:556.0
script duration name:co2 seconds:0.0
Script duration 556.0
Run total estimated duration= 557.000
script duration name:unknown400_120 seconds:556.0
script duration name:cocktail_x1 seconds:108.0
Script duration 664.0
Run total estimated duration= 665.000
script duration name:unknown400_120 seconds:556.0
script duration name:cocktail_x1 seconds:108.0
Script duration 664.0
Run total estimated duration= 665.000
script duration name:unknown120_60 seconds:214.0
script duration name:co2 seconds:0.0
Script duration 214.0
Run total estimated duration= 215.000
script duration name:unknown120_60 seconds:214.0
script duration name:co2 seconds:0.0
Script duration 214.0
Run total estimated duration= 215.000
script duration name:unknown120_60 seconds:214.0
script duration name:co2 seconds:0.0
Script duration 214.0
Run total estimated duration= 215.000
script duration name:unknown120_60 seconds:214.0
script duration name:co2 seconds:0.0
Script duration 214.0
Run total estimated duration= 215.000
script duration name:unknown120_60 seconds:214.0
script duration name:co2 seconds:0.0
Script duration 214.0
Run total estimated duration= 215.000
script duration name:unknown120_60 seconds:214.0
script duration name:co2 seconds:0.0
Script duration 214.0
Run total estimated duration= 215.000
script duration name:unknown400_120 seconds:556.0
script duration name:sniffair_x2 seconds:250.0
Script duration 806.0
Run total estimated duration= 807.000
script duration name:unknown400_120 seconds:556.0
script duration name:sniffair_x2 seconds:250.0
Script duration 806.0
Run total estimated duration= 807.000
script duration name:unknown120_60 seconds:214.0
script duration name:co2 seconds:0.0
Script duration 214.0
Run total estimated duration= 215.000
script duration name:unknown120_60 seconds:214.0
script duration name:co2 seconds:0.0
Script duration 214.0
Run total estimated duration= 215.000
script duration name:unknown400_120 seconds:556.0
script duration name:co2 seconds:0.0
Script duration 556.0
Run total estimated duration= 557.000
script duration name:unknown400_120 seconds:556.0
script duration name:cocktail_x1 seconds:108.0
Script duration 664.0
Run total estimated duration= 665.000
script duration name:unknown120_60 seconds:214.0
script duration name:co2 seconds:0.0
Script duration 214.0
Run total estimated duration= 215.000
script duration name:unknown120_60 seconds:214.0
script duration name:co2 seconds:0.0
Script duration 214.0
Run total estimated duration= 215.000
script duration name:unknown120_60 seconds:214.0
script duration name:co2 seconds:0.0
Script duration 214.0
Run total estimated duration= 215.000
script duration name:unknown120_60 seconds:214.0
script duration name:co2 seconds:0.0
Script duration 214.0
Run total estimated duration= 215.000
script duration name:unknown120_60 seconds:214.0
script duration name:co2 seconds:0.0
Script duration 214.0
Run total estimated duration= 215.000
script duration name:unknown120_60 seconds:214.0
script duration name:co2 seconds:0.0
Script duration 214.0
Run total estimated duration= 215.000
script duration name:unknown120_60 seconds:214.0
script duration name:co2 seconds:0.0
Script duration 214.0
Run total estimated duration= 215.000
script duration name:unknown400_120 seconds:556.0
script duration name:sniffair_x2 seconds:250.0
Script duration 806.0
Run total estimated duration= 807.000
script duration name:unknown400_120 seconds:556.0
script duration name:cocktail_x1 seconds:108.0
Script duration 664.0
Run total estimated duration= 665.000
script duration name:unknown400_120 seconds:556.0
script duration name:cocktail_x1 seconds:108.0
Script duration 664.0
Run total estimated duration= 665.000
script duration name:unknown400_120 seconds:556.0
script duration name:cocktail_x1 seconds:108.0
Script duration 664.0
Run total estimated duration= 665.000
nruns=147 before=5.0, run_dur=48345.0, btw=6570.0
write rem/ex queues
/Users/jan/PychronDev/experiments/rem/CurrentExperiment.rem.txt
/Users/jan/PychronDev/experiments/rem/CurrentExperiment.ex.txt
doing event level: 3
